19:33:01 DEBUG : Logs will be stored at 'C:/Users/henryshaw/Desktop/ee234/project4_workspace/IDE.log'.
19:33:03 INFO  : Launching XSCT server: xsct.bat -n  -interactive C:\Users\henryshaw\Desktop\ee234\project4_workspace\temp_xsdb_launch_script.tcl
19:33:04 INFO  : Registering command handlers for Vitis TCF services
19:33:05 INFO  : Platform repository initialization has completed.
19:33:06 INFO  : XSCT server has started successfully.
19:33:07 INFO  : Successfully done setting XSCT server connection channel  
19:33:07 INFO  : plnx-install-location is set to ''
19:33:07 INFO  : Successfully done query RDI_DATADIR 
19:33:07 INFO  : Successfully done setting workspace for the tool. 
19:34:21 INFO  : Result from executing command 'getProjects': blackboard
19:34:21 INFO  : Result from executing command 'getPlatforms': xilinx_zcu102_base_202320_1|C:/Xilinx/Vitis/2023.2/base_platforms/xilinx_zcu102_base_202320_1/xilinx_zcu102_base_202320_1.xpfm;xilinx_zcu102_base_dfx_202320_1|C:/Xilinx/Vitis/2023.2/base_platforms/xilinx_zcu102_base_dfx_202320_1/xilinx_zcu102_base_dfx_202320_1.xpfm;xilinx_zcu104_base_202320_1|C:/Xilinx/Vitis/2023.2/base_platforms/xilinx_zcu104_base_202320_1/xilinx_zcu104_base_202320_1.xpfm
19:34:23 WARN  : An unexpected exception occurred in the module 'platform project logging'
19:34:24 INFO  : Platform 'blackboard' is added to custom repositories.
19:34:44 INFO  : Platform 'blackboard' is added to custom repositories.
20:19:03 DEBUG : Logs will be stored at 'C:/Users/henryshaw/Desktop/ee234/project4_workspace/IDE.log'.
20:19:04 INFO  : Launching XSCT server: xsct.bat -n  -interactive C:\Users\henryshaw\Desktop\ee234\project4_workspace\temp_xsdb_launch_script.tcl
20:19:07 INFO  : Registering command handlers for Vitis TCF services
20:19:09 INFO  : Platform repository initialization has completed.
20:19:11 INFO  : XSCT server has started successfully.
20:19:13 INFO  : plnx-install-location is set to ''
20:19:13 INFO  : Successfully done setting XSCT server connection channel  
20:19:13 INFO  : Successfully done query RDI_DATADIR 
20:19:13 INFO  : Successfully done setting workspace for the tool. 
21:00:33 INFO  : Result from executing command 'getProjects': blackboard
21:00:33 INFO  : Result from executing command 'getPlatforms': blackboard|C:/Users/henryshaw/Desktop/ee234/project4_workspace/blackboard/export/blackboard/blackboard.xpfm;xilinx_zcu102_base_202320_1|C:/Xilinx/Vitis/2023.2/base_platforms/xilinx_zcu102_base_202320_1/xilinx_zcu102_base_202320_1.xpfm;xilinx_zcu102_base_dfx_202320_1|C:/Xilinx/Vitis/2023.2/base_platforms/xilinx_zcu102_base_dfx_202320_1/xilinx_zcu102_base_dfx_202320_1.xpfm;xilinx_zcu104_base_202320_1|C:/Xilinx/Vitis/2023.2/base_platforms/xilinx_zcu104_base_202320_1/xilinx_zcu104_base_202320_1.xpfm
21:00:35 INFO  : Checking for BSP changes to sync application flags for project 'proj4r1'...
21:02:41 INFO  : Checking for BSP changes to sync application flags for project 'proj4r1'...
21:03:00 INFO  : Checking for BSP changes to sync application flags for project 'proj4r1'...
21:03:15 INFO  : Checking for BSP changes to sync application flags for project 'proj4r1'...
21:03:26 INFO  : Checking for BSP changes to sync application flags for project 'proj4r1'...
21:04:57 INFO  : Checking for BSP changes to sync application flags for project 'proj4r1'...
21:06:13 INFO  : Checking for BSP changes to sync application flags for project 'proj4r1'...
21:06:39 INFO  : Checking for BSP changes to sync application flags for project 'proj4r1'...
21:07:13 INFO  : Checking for BSP changes to sync application flags for project 'proj4r1'...
21:10:21 INFO  : Checking for BSP changes to sync application flags for project 'proj4r1'...
21:10:44 INFO  : Connected to target on host '127.0.0.1' and port '3121'.
21:10:47 INFO  : Jtag cable 'RealDigital Bla 887100000459A' is selected.
21:10:48 INFO  : 'jtag frequency' command is executed.
21:10:48 INFO  : Context for 'APU' is selected.
21:10:48 INFO  : System reset is completed.
21:10:51 INFO  : 'after 3000' command is executed.
21:10:51 INFO  : 'targets -set -filter {jtag_cable_name =~ "RealDigital Bla 887100000459A" && level==0 && jtag_device_ctx=="jsn1-13723093-0"}' command is executed.
21:10:52 INFO  : Device configured successfully with "C:/Users/henryshaw/Desktop/ee234/project4_workspace/proj4r1/_ide/bitstream/bist.bit"
21:10:52 INFO  : Context for 'APU' is selected.
21:10:53 INFO  : Hardware design and registers information is loaded from 'C:/Users/henryshaw/Desktop/ee234/project4_workspace/blackboard/export/blackboard/hw/blackboard.xsa'.
21:10:53 INFO  : 'configparams force-mem-access 1' command is executed.
21:10:53 INFO  : Context for 'APU' is selected.
21:10:53 INFO  : Sourcing of 'C:/Users/henryshaw/Desktop/ee234/project4_workspace/proj4r1/_ide/psinit/ps7_init.tcl' is done.
21:10:59 ERROR : Memory read error at 0xF800620C. Cannot flush JTAG server queue. FT_Read returned 0, expected 12
21:10:59 INFO  : ----------------XSDB Script----------------
connect -url tcp:127.0.0.1:3121
targets -set -nocase -filter {name =~"APU*"}
rst -system
after 3000
targets -set -filter {jtag_cable_name =~ "RealDigital Bla 887100000459A" && level==0 && jtag_device_ctx=="jsn1-13723093-0"}
fpga -file C:/Users/henryshaw/Desktop/ee234/project4_workspace/proj4r1/_ide/bitstream/bist.bit
targets -set -nocase -filter {name =~"APU*"}
loadhw -hw C:/Users/henryshaw/Desktop/ee234/project4_workspace/blackboard/export/blackboard/hw/blackboard.xsa -mem-ranges [list {0x40000000 0xbfffffff}] -regs
configparams force-mem-access 1
targets -set -nocase -filter {name =~"APU*"}
source C:/Users/henryshaw/Desktop/ee234/project4_workspace/proj4r1/_ide/psinit/ps7_init.tcl
ps7_init
----------------End of Script----------------

21:10:59 ERROR : Memory read error at 0xF800620C. Cannot flush JTAG server queue. FT_Read returned 0, expected 12
21:11:08 INFO  : Connected to target on host '127.0.0.1' and port '3121'.
21:11:10 INFO  : Jtag cable 'RealDigital Bla 887100000459A' is selected.
21:11:10 INFO  : 'jtag frequency' command is executed.
21:11:10 INFO  : Context for 'APU' is selected.
21:11:11 INFO  : System reset is completed.
21:11:14 INFO  : 'after 3000' command is executed.
21:11:14 INFO  : 'targets -set -filter {jtag_cable_name =~ "RealDigital Bla 887100000459A" && level==0 && jtag_device_ctx=="jsn1-13723093-0"}' command is executed.
21:11:15 INFO  : Device configured successfully with "C:/Users/henryshaw/Desktop/ee234/project4_workspace/proj4r1/_ide/bitstream/bist.bit"
21:11:15 INFO  : Context for 'APU' is selected.
21:11:15 INFO  : Hardware design and registers information is loaded from 'C:/Users/henryshaw/Desktop/ee234/project4_workspace/blackboard/export/blackboard/hw/blackboard.xsa'.
21:11:15 INFO  : 'configparams force-mem-access 1' command is executed.
21:11:15 INFO  : Context for 'APU' is selected.
21:11:15 INFO  : Sourcing of 'C:/Users/henryshaw/Desktop/ee234/project4_workspace/proj4r1/_ide/psinit/ps7_init.tcl' is done.
21:11:17 INFO  : 'ps7_init' command is executed.
21:11:17 INFO  : 'ps7_post_config' command is executed.
21:11:17 INFO  : Context for processor 'ps7_cortexa9_0' is selected.
21:11:17 INFO  : The application 'C:/Users/henryshaw/Desktop/ee234/project4_workspace/proj4r1/Debug/proj4r1.elf' is downloaded to processor 'ps7_cortexa9_0'.
21:11:18 INFO  : 'configparams force-mem-access 0' command is executed.
21:11:18 INFO  : ----------------XSDB Script----------------
connect -url tcp:127.0.0.1:3121
targets -set -nocase -filter {name =~"APU*"}
rst -system
after 3000
targets -set -filter {jtag_cable_name =~ "RealDigital Bla 887100000459A" && level==0 && jtag_device_ctx=="jsn1-13723093-0"}
fpga -file C:/Users/henryshaw/Desktop/ee234/project4_workspace/proj4r1/_ide/bitstream/bist.bit
targets -set -nocase -filter {name =~"APU*"}
loadhw -hw C:/Users/henryshaw/Desktop/ee234/project4_workspace/blackboard/export/blackboard/hw/blackboard.xsa -mem-ranges [list {0x40000000 0xbfffffff}] -regs
configparams force-mem-access 1
targets -set -nocase -filter {name =~"APU*"}
source C:/Users/henryshaw/Desktop/ee234/project4_workspace/proj4r1/_ide/psinit/ps7_init.tcl
ps7_init
ps7_post_config
targets -set -nocase -filter {name =~ "*A9*#0"}
dow C:/Users/henryshaw/Desktop/ee234/project4_workspace/proj4r1/Debug/proj4r1.elf
configparams force-mem-access 0
----------------End of Script----------------

21:11:18 INFO  : Context for processor 'ps7_cortexa9_0' is selected.
21:11:18 INFO  : 'con' command is executed.
21:11:18 INFO  : ----------------XSDB Script (After Launch)----------------
targets -set -nocase -filter {name =~ "*A9*#0"}
con
----------------End of Script----------------

21:11:18 INFO  : Disconnected from the channel tcfchan#2.
21:11:35 INFO  : Connected to target on host '127.0.0.1' and port '3121'.
21:11:37 INFO  : Jtag cable 'RealDigital Bla 887100000459A' is selected.
21:11:37 INFO  : 'jtag frequency' command is executed.
21:11:37 INFO  : Context for 'APU' is selected.
21:11:38 INFO  : System reset is completed.
21:11:41 INFO  : 'after 3000' command is executed.
21:11:41 INFO  : 'targets -set -filter {jtag_cable_name =~ "RealDigital Bla 887100000459A" && level==0 && jtag_device_ctx=="jsn1-13723093-0"}' command is executed.
21:11:42 INFO  : Device configured successfully with "C:/Users/henryshaw/Desktop/ee234/project4_workspace/proj4r1/_ide/bitstream/bist.bit"
21:11:42 INFO  : Context for 'APU' is selected.
21:11:42 INFO  : Hardware design and registers information is loaded from 'C:/Users/henryshaw/Desktop/ee234/project4_workspace/blackboard/export/blackboard/hw/blackboard.xsa'.
21:11:42 INFO  : 'configparams force-mem-access 1' command is executed.
21:11:42 INFO  : Context for 'APU' is selected.
21:11:42 INFO  : Sourcing of 'C:/Users/henryshaw/Desktop/ee234/project4_workspace/proj4r1/_ide/psinit/ps7_init.tcl' is done.
21:11:44 INFO  : 'ps7_init' command is executed.
21:11:44 INFO  : 'ps7_post_config' command is executed.
21:11:44 INFO  : Context for processor 'ps7_cortexa9_0' is selected.
21:11:45 INFO  : The application 'C:/Users/henryshaw/Desktop/ee234/project4_workspace/proj4r1/Debug/proj4r1.elf' is downloaded to processor 'ps7_cortexa9_0'.
21:11:45 INFO  : 'configparams force-mem-access 0' command is executed.
21:11:45 INFO  : ----------------XSDB Script----------------
connect -url tcp:127.0.0.1:3121
targets -set -nocase -filter {name =~"APU*"}
rst -system
after 3000
targets -set -filter {jtag_cable_name =~ "RealDigital Bla 887100000459A" && level==0 && jtag_device_ctx=="jsn1-13723093-0"}
fpga -file C:/Users/henryshaw/Desktop/ee234/project4_workspace/proj4r1/_ide/bitstream/bist.bit
targets -set -nocase -filter {name =~"APU*"}
loadhw -hw C:/Users/henryshaw/Desktop/ee234/project4_workspace/blackboard/export/blackboard/hw/blackboard.xsa -mem-ranges [list {0x40000000 0xbfffffff}] -regs
configparams force-mem-access 1
targets -set -nocase -filter {name =~"APU*"}
source C:/Users/henryshaw/Desktop/ee234/project4_workspace/proj4r1/_ide/psinit/ps7_init.tcl
ps7_init
ps7_post_config
targets -set -nocase -filter {name =~ "*A9*#0"}
dow C:/Users/henryshaw/Desktop/ee234/project4_workspace/proj4r1/Debug/proj4r1.elf
configparams force-mem-access 0
----------------End of Script----------------

21:13:21 INFO  : Disconnected from the channel tcfchan#3.
21:13:56 INFO  : Checking for BSP changes to sync application flags for project 'proj4r1'...
21:14:03 INFO  : Connected to target on host '127.0.0.1' and port '3121'.
21:14:12 INFO  : Jtag cable 'RealDigital Bla 887100000459A' is selected.
21:14:13 INFO  : 'jtag frequency' command is executed.
21:14:13 INFO  : Context for 'APU' is selected.
21:14:13 INFO  : System reset is completed.
21:14:16 INFO  : 'after 3000' command is executed.
21:14:16 INFO  : 'targets -set -filter {jtag_cable_name =~ "RealDigital Bla 887100000459A" && level==0 && jtag_device_ctx=="jsn1-13723093-0"}' command is executed.
21:14:17 INFO  : Device configured successfully with "C:/Users/henryshaw/Desktop/ee234/project4_workspace/proj4r1/_ide/bitstream/bist.bit"
21:14:17 INFO  : Context for 'APU' is selected.
21:14:17 INFO  : Hardware design and registers information is loaded from 'C:/Users/henryshaw/Desktop/ee234/project4_workspace/blackboard/export/blackboard/hw/blackboard.xsa'.
21:14:17 INFO  : 'configparams force-mem-access 1' command is executed.
21:14:17 INFO  : Context for 'APU' is selected.
21:14:17 INFO  : Sourcing of 'C:/Users/henryshaw/Desktop/ee234/project4_workspace/proj4r1/_ide/psinit/ps7_init.tcl' is done.
21:14:19 INFO  : 'ps7_init' command is executed.
21:14:19 INFO  : 'ps7_post_config' command is executed.
21:14:19 INFO  : Context for processor 'ps7_cortexa9_0' is selected.
21:14:20 INFO  : The application 'C:/Users/henryshaw/Desktop/ee234/project4_workspace/proj4r1/Debug/proj4r1.elf' is downloaded to processor 'ps7_cortexa9_0'.
21:14:20 INFO  : 'configparams force-mem-access 0' command is executed.
21:14:20 INFO  : ----------------XSDB Script----------------
connect -url tcp:127.0.0.1:3121
targets -set -nocase -filter {name =~"APU*"}
rst -system
after 3000
targets -set -filter {jtag_cable_name =~ "RealDigital Bla 887100000459A" && level==0 && jtag_device_ctx=="jsn1-13723093-0"}
fpga -file C:/Users/henryshaw/Desktop/ee234/project4_workspace/proj4r1/_ide/bitstream/bist.bit
targets -set -nocase -filter {name =~"APU*"}
loadhw -hw C:/Users/henryshaw/Desktop/ee234/project4_workspace/blackboard/export/blackboard/hw/blackboard.xsa -mem-ranges [list {0x40000000 0xbfffffff}] -regs
configparams force-mem-access 1
targets -set -nocase -filter {name =~"APU*"}
source C:/Users/henryshaw/Desktop/ee234/project4_workspace/proj4r1/_ide/psinit/ps7_init.tcl
ps7_init
ps7_post_config
targets -set -nocase -filter {name =~ "*A9*#0"}
dow C:/Users/henryshaw/Desktop/ee234/project4_workspace/proj4r1/Debug/proj4r1.elf
configparams force-mem-access 0
----------------End of Script----------------

21:14:20 INFO  : Context for processor 'ps7_cortexa9_0' is selected.
21:14:20 INFO  : 'con' command is executed.
21:14:20 INFO  : ----------------XSDB Script (After Launch)----------------
targets -set -nocase -filter {name =~ "*A9*#0"}
con
----------------End of Script----------------

21:14:20 INFO  : Disconnected from the channel tcfchan#4.
21:14:48 INFO  : Connected to target on host '127.0.0.1' and port '3121'.
21:15:06 INFO  : ----------------XSDB Script----------------
connect -url tcp:127.0.0.1:3121
----------------End of Script----------------

21:15:06 ERROR : Could not find ARM device on the board for connection 'Local'.
Check if the target is in:
1. Split JTAG - No operations are possible with ARM DAP.
2. Non JTAG bootmode - Bootrom may need time to enable DAP.
Please try again.


Troubleshooting hints:
1. Check whether board is connected to system properly.
2. In case of zynq board, check whether Digilent/Xilinx cable switch settings are correct.
3. If you are using Xilinx Platform Cable USB, ensure that status LED is green.
21:15:13 INFO  : Connected to target on host '127.0.0.1' and port '3121'.
21:15:15 INFO  : Jtag cable 'RealDigital Bla 887100000459A' is selected.
21:15:15 INFO  : 'jtag frequency' command is executed.
21:15:15 INFO  : Context for 'APU' is selected.
21:15:15 INFO  : System reset is completed.
21:15:18 INFO  : 'after 3000' command is executed.
21:15:19 INFO  : 'targets -set -filter {jtag_cable_name =~ "RealDigital Bla 887100000459A" && level==0 && jtag_device_ctx=="jsn1-13723093-0"}' command is executed.
21:15:20 INFO  : Device configured successfully with "C:/Users/henryshaw/Desktop/ee234/project4_workspace/proj4r1/_ide/bitstream/bist.bit"
21:15:20 INFO  : Context for 'APU' is selected.
21:15:20 INFO  : Hardware design and registers information is loaded from 'C:/Users/henryshaw/Desktop/ee234/project4_workspace/blackboard/export/blackboard/hw/blackboard.xsa'.
21:15:20 INFO  : 'configparams force-mem-access 1' command is executed.
21:15:20 INFO  : Context for 'APU' is selected.
21:15:20 INFO  : Sourcing of 'C:/Users/henryshaw/Desktop/ee234/project4_workspace/proj4r1/_ide/psinit/ps7_init.tcl' is done.
21:15:22 INFO  : 'ps7_init' command is executed.
21:15:22 INFO  : 'ps7_post_config' command is executed.
21:15:22 INFO  : Context for processor 'ps7_cortexa9_0' is selected.
21:15:23 INFO  : The application 'C:/Users/henryshaw/Desktop/ee234/project4_workspace/proj4r1/Debug/proj4r1.elf' is downloaded to processor 'ps7_cortexa9_0'.
21:15:23 INFO  : 'configparams force-mem-access 0' command is executed.
21:15:23 INFO  : ----------------XSDB Script----------------
connect -url tcp:127.0.0.1:3121
targets -set -nocase -filter {name =~"APU*"}
rst -system
after 3000
targets -set -filter {jtag_cable_name =~ "RealDigital Bla 887100000459A" && level==0 && jtag_device_ctx=="jsn1-13723093-0"}
fpga -file C:/Users/henryshaw/Desktop/ee234/project4_workspace/proj4r1/_ide/bitstream/bist.bit
targets -set -nocase -filter {name =~"APU*"}
loadhw -hw C:/Users/henryshaw/Desktop/ee234/project4_workspace/blackboard/export/blackboard/hw/blackboard.xsa -mem-ranges [list {0x40000000 0xbfffffff}] -regs
configparams force-mem-access 1
targets -set -nocase -filter {name =~"APU*"}
source C:/Users/henryshaw/Desktop/ee234/project4_workspace/proj4r1/_ide/psinit/ps7_init.tcl
ps7_init
ps7_post_config
targets -set -nocase -filter {name =~ "*A9*#0"}
dow C:/Users/henryshaw/Desktop/ee234/project4_workspace/proj4r1/Debug/proj4r1.elf
configparams force-mem-access 0
----------------End of Script----------------

21:16:59 INFO  : Disconnected from the channel tcfchan#5.
21:17:02 INFO  : Connected to target on host '127.0.0.1' and port '3121'.
21:17:03 INFO  : Jtag cable 'RealDigital Bla 887100000459A' is selected.
21:17:03 INFO  : 'jtag frequency' command is executed.
21:17:03 INFO  : Context for 'APU' is selected.
21:17:03 INFO  : System reset is completed.
21:17:06 INFO  : 'after 3000' command is executed.
21:17:09 ERROR : 'targets -set -filter {jtag_cable_name =~ "RealDigital Bla 887100000459A" && level==0 && jtag_device_ctx=="jsn1-13723093-0"}' is cancelled.
21:17:09 ERROR : Exception occured while running Program Device.
java.lang.RuntimeException: 'targets -set -filter {jtag_cable_name =~ "RealDigital Bla 887100000459A" && level==0 && jtag_device_ctx=="jsn1-13723093-0"}' is cancelled.
21:17:09 INFO  : ----------------XSDB Script----------------
connect -url tcp:127.0.0.1:3121
targets -set -nocase -filter {name =~"APU*"}
rst -system
after 3000
----------------End of Script----------------

21:17:09 ERROR : 'targets -set -filter {jtag_cable_name =~ "RealDigital Bla 887100000459A" && level==0 && jtag_device_ctx=="jsn1-13723093-0"}' is cancelled.
21:17:16 INFO  : Checking for BSP changes to sync application flags for project 'proj4r1'...
21:17:21 INFO  : Connected to target on host '127.0.0.1' and port '3121'.
21:17:21 INFO  : Jtag cable 'RealDigital Bla 887100000459A' is selected.
21:17:21 INFO  : 'jtag frequency' command is executed.
21:17:21 INFO  : Context for 'APU' is selected.
21:17:22 INFO  : System reset is completed.
21:17:25 INFO  : 'after 3000' command is executed.
21:17:28 ERROR : no targets found with "jtag_cable_name =~ "RealDigital Bla 887100000459A" && level==0 && jtag_device_ctx=="jsn1-13723093-0"". available targets:
  1* APU
     2  ARM Cortex-A9 MPCore #0 (Running)
  3  xc7z007s
21:17:28 ERROR : Exception occured while running Program Device.
java.lang.RuntimeException: no targets found with "jtag_cable_name =~ "RealDigital Bla 887100000459A" && level==0 && jtag_device_ctx=="jsn1-13723093-0"". available targets:
  1* APU
     2  ARM Cortex-A9 MPCore #0 (Running)
  3  xc7z007s
21:17:28 INFO  : ----------------XSDB Script----------------
connect -url tcp:127.0.0.1:3121
targets -set -nocase -filter {name =~"APU*"}
rst -system
after 3000
----------------End of Script----------------

21:17:28 ERROR : no targets found with "jtag_cable_name =~ "RealDigital Bla 887100000459A" && level==0 && jtag_device_ctx=="jsn1-13723093-0"". available targets:
  1* APU
     2  ARM Cortex-A9 MPCore #0 (Running)
  3  xc7z007s
21:18:40 DEBUG : Logs will be stored at 'C:/Users/henryshaw/Desktop/ee234/project4_workspace/IDE.log'.
21:18:41 INFO  : Launching XSCT server: xsct.bat -n  -interactive C:\Users\henryshaw\Desktop\ee234\project4_workspace\temp_xsdb_launch_script.tcl
21:18:45 INFO  : Registering command handlers for Vitis TCF services
21:18:46 INFO  : XSCT server has started successfully.
21:18:47 INFO  : plnx-install-location is set to ''
21:18:47 INFO  : Successfully done setting XSCT server connection channel  
21:18:47 INFO  : Successfully done query RDI_DATADIR 
21:18:47 INFO  : Successfully done setting workspace for the tool. 
21:18:47 INFO  : Platform repository initialization has completed.
21:19:44 INFO  : Connected to target on host '127.0.0.1' and port '3121'.
21:20:02 INFO  : ----------------XSDB Script----------------
connect -url tcp:127.0.0.1:3121
----------------End of Script----------------

21:20:02 ERROR : Could not find ARM device on the board for connection 'Local'.
Check if the target is in:
1. Split JTAG - No operations are possible with ARM DAP.
2. Non JTAG bootmode - Bootrom may need time to enable DAP.
Please try again.


Troubleshooting hints:
1. Check whether board is connected to system properly.
2. In case of zynq board, check whether Digilent/Xilinx cable switch settings are correct.
3. If you are using Xilinx Platform Cable USB, ensure that status LED is green.
21:20:19 INFO  : Connected to target on host '127.0.0.1' and port '3121'.
21:20:22 INFO  : Jtag cable 'RealDigital Bla 887100000459A' is selected.
21:20:22 INFO  : 'jtag frequency' command is executed.
21:20:22 INFO  : Context for 'APU' is selected.
21:20:22 INFO  : System reset is completed.
21:20:25 INFO  : 'after 3000' command is executed.
21:20:25 INFO  : 'targets -set -filter {jtag_cable_name =~ "RealDigital Bla 887100000459A" && level==0 && jtag_device_ctx=="jsn1-13723093-0"}' command is executed.
21:20:26 INFO  : Device configured successfully with "C:/Users/henryshaw/Desktop/ee234/project4_workspace/proj4r1/_ide/bitstream/bist.bit"
21:20:27 INFO  : Context for 'APU' is selected.
21:20:27 INFO  : Hardware design and registers information is loaded from 'C:/Users/henryshaw/Desktop/ee234/project4_workspace/blackboard/export/blackboard/hw/blackboard.xsa'.
21:20:27 INFO  : 'configparams force-mem-access 1' command is executed.
21:20:27 INFO  : Context for 'APU' is selected.
21:20:27 INFO  : Sourcing of 'C:/Users/henryshaw/Desktop/ee234/project4_workspace/proj4r1/_ide/psinit/ps7_init.tcl' is done.
21:20:30 INFO  : 'ps7_init' command is executed.
21:20:30 INFO  : 'ps7_post_config' command is executed.
21:20:30 INFO  : Context for processor 'ps7_cortexa9_0' is selected.
21:20:31 INFO  : The application 'C:/Users/henryshaw/Desktop/ee234/project4_workspace/proj4r1/Debug/proj4r1.elf' is downloaded to processor 'ps7_cortexa9_0'.
21:20:31 INFO  : 'configparams force-mem-access 0' command is executed.
21:20:31 INFO  : ----------------XSDB Script----------------
connect -url tcp:127.0.0.1:3121
targets -set -nocase -filter {name =~"APU*"}
rst -system
after 3000
targets -set -filter {jtag_cable_name =~ "RealDigital Bla 887100000459A" && level==0 && jtag_device_ctx=="jsn1-13723093-0"}
fpga -file C:/Users/henryshaw/Desktop/ee234/project4_workspace/proj4r1/_ide/bitstream/bist.bit
targets -set -nocase -filter {name =~"APU*"}
loadhw -hw C:/Users/henryshaw/Desktop/ee234/project4_workspace/blackboard/export/blackboard/hw/blackboard.xsa -mem-ranges [list {0x40000000 0xbfffffff}] -regs
configparams force-mem-access 1
targets -set -nocase -filter {name =~"APU*"}
source C:/Users/henryshaw/Desktop/ee234/project4_workspace/proj4r1/_ide/psinit/ps7_init.tcl
ps7_init
ps7_post_config
targets -set -nocase -filter {name =~ "*A9*#0"}
dow C:/Users/henryshaw/Desktop/ee234/project4_workspace/proj4r1/Debug/proj4r1.elf
configparams force-mem-access 0
----------------End of Script----------------

21:20:31 INFO  : Context for processor 'ps7_cortexa9_0' is selected.
21:20:31 INFO  : 'con' command is executed.
21:20:31 INFO  : ----------------XSDB Script (After Launch)----------------
targets -set -nocase -filter {name =~ "*A9*#0"}
con
----------------End of Script----------------

21:20:31 INFO  : Disconnected from the channel tcfchan#1.
21:22:05 INFO  : Connected to target on host '127.0.0.1' and port '3121'.
21:22:24 INFO  : ----------------XSDB Script----------------
connect -url tcp:127.0.0.1:3121
----------------End of Script----------------

21:22:24 ERROR : Could not find ARM device on the board for connection 'Local'.
Check if the target is in:
1. Split JTAG - No operations are possible with ARM DAP.
2. Non JTAG bootmode - Bootrom may need time to enable DAP.
Please try again.


Troubleshooting hints:
1. Check whether board is connected to system properly.
2. In case of zynq board, check whether Digilent/Xilinx cable switch settings are correct.
3. If you are using Xilinx Platform Cable USB, ensure that status LED is green.
21:23:35 INFO  : Connected to target on host '127.0.0.1' and port '3121'.
21:23:53 INFO  : ----------------XSDB Script----------------
connect -url tcp:127.0.0.1:3121
----------------End of Script----------------

21:23:53 ERROR : Could not find ARM device on the board for connection 'Local'.
Check if the target is in:
1. Split JTAG - No operations are possible with ARM DAP.
2. Non JTAG bootmode - Bootrom may need time to enable DAP.
Please try again.


Troubleshooting hints:
1. Check whether board is connected to system properly.
2. In case of zynq board, check whether Digilent/Xilinx cable switch settings are correct.
3. If you are using Xilinx Platform Cable USB, ensure that status LED is green.
21:25:39 INFO  : Connected to target on host '127.0.0.1' and port '3121'.
21:25:40 INFO  : Jtag cable 'RealDigital Bla 887100000459A' is selected.
21:25:40 INFO  : 'jtag frequency' command is executed.
21:25:40 INFO  : Context for 'APU' is selected.
21:25:40 INFO  : System reset is completed.
21:25:43 INFO  : 'after 3000' command is executed.
21:25:43 INFO  : 'targets -set -filter {jtag_cable_name =~ "RealDigital Bla 887100000459A" && level==0 && jtag_device_ctx=="jsn1-13723093-0"}' command is executed.
21:25:44 INFO  : Device configured successfully with "C:/Users/henryshaw/Desktop/ee234/project4_workspace/proj4r1/_ide/bitstream/bist.bit"
21:25:44 INFO  : Context for 'APU' is selected.
21:25:49 INFO  : Hardware design and registers information is loaded from 'C:/Users/henryshaw/Desktop/ee234/project4_workspace/blackboard/export/blackboard/hw/blackboard.xsa'.
21:25:49 INFO  : 'configparams force-mem-access 1' command is executed.
21:25:49 INFO  : Context for 'APU' is selected.
21:25:49 INFO  : Sourcing of 'C:/Users/henryshaw/Desktop/ee234/project4_workspace/proj4r1/_ide/psinit/ps7_init.tcl' is done.
21:25:50 INFO  : 'ps7_init' command is executed.
21:25:50 INFO  : 'ps7_post_config' command is executed.
21:25:50 INFO  : Context for processor 'ps7_cortexa9_0' is selected.
21:25:51 INFO  : The application 'C:/Users/henryshaw/Desktop/ee234/project4_workspace/proj4r1/Debug/proj4r1.elf' is downloaded to processor 'ps7_cortexa9_0'.
21:25:51 INFO  : 'configparams force-mem-access 0' command is executed.
21:25:51 INFO  : ----------------XSDB Script----------------
connect -url tcp:127.0.0.1:3121
targets -set -nocase -filter {name =~"APU*"}
rst -system
after 3000
targets -set -filter {jtag_cable_name =~ "RealDigital Bla 887100000459A" && level==0 && jtag_device_ctx=="jsn1-13723093-0"}
fpga -file C:/Users/henryshaw/Desktop/ee234/project4_workspace/proj4r1/_ide/bitstream/bist.bit
targets -set -nocase -filter {name =~"APU*"}
loadhw -hw C:/Users/henryshaw/Desktop/ee234/project4_workspace/blackboard/export/blackboard/hw/blackboard.xsa -mem-ranges [list {0x40000000 0xbfffffff}] -regs
configparams force-mem-access 1
targets -set -nocase -filter {name =~"APU*"}
source C:/Users/henryshaw/Desktop/ee234/project4_workspace/proj4r1/_ide/psinit/ps7_init.tcl
ps7_init
ps7_post_config
targets -set -nocase -filter {name =~ "*A9*#0"}
dow C:/Users/henryshaw/Desktop/ee234/project4_workspace/proj4r1/Debug/proj4r1.elf
configparams force-mem-access 0
----------------End of Script----------------

21:25:51 INFO  : Context for processor 'ps7_cortexa9_0' is selected.
21:25:51 INFO  : 'con' command is executed.
21:25:51 INFO  : ----------------XSDB Script (After Launch)----------------
targets -set -nocase -filter {name =~ "*A9*#0"}
con
----------------End of Script----------------

21:25:51 INFO  : Disconnected from the channel tcfchan#2.
21:39:18 INFO  : Checking for BSP changes to sync application flags for project 'proj4r1'...
21:39:35 INFO  : Checking for BSP changes to sync application flags for project 'proj4r1'...
21:39:42 INFO  : Connected to target on host '127.0.0.1' and port '3121'.
21:39:45 INFO  : Jtag cable 'RealDigital Bla 887100000459A' is selected.
21:39:45 INFO  : 'jtag frequency' command is executed.
21:39:46 INFO  : Context for 'APU' is selected.
21:39:46 INFO  : System reset is completed.
21:39:49 INFO  : 'after 3000' command is executed.
21:39:49 INFO  : 'targets -set -filter {jtag_cable_name =~ "RealDigital Bla 887100000459A" && level==0 && jtag_device_ctx=="jsn1-13723093-0"}' command is executed.
21:39:50 INFO  : Device configured successfully with "C:/Users/henryshaw/Desktop/ee234/project4_workspace/proj4r1/_ide/bitstream/bist.bit"
21:39:50 INFO  : Context for 'APU' is selected.
21:39:50 INFO  : Hardware design and registers information is loaded from 'C:/Users/henryshaw/Desktop/ee234/project4_workspace/blackboard/export/blackboard/hw/blackboard.xsa'.
21:39:51 INFO  : 'configparams force-mem-access 1' command is executed.
21:39:51 INFO  : Context for 'APU' is selected.
21:39:51 INFO  : Sourcing of 'C:/Users/henryshaw/Desktop/ee234/project4_workspace/proj4r1/_ide/psinit/ps7_init.tcl' is done.
21:39:52 INFO  : 'ps7_init' command is executed.
21:39:52 INFO  : 'ps7_post_config' command is executed.
21:39:53 INFO  : Context for processor 'ps7_cortexa9_0' is selected.
21:39:53 INFO  : The application 'C:/Users/henryshaw/Desktop/ee234/project4_workspace/proj4r1/Debug/proj4r1.elf' is downloaded to processor 'ps7_cortexa9_0'.
21:39:53 INFO  : 'configparams force-mem-access 0' command is executed.
21:39:53 INFO  : ----------------XSDB Script----------------
connect -url tcp:127.0.0.1:3121
targets -set -nocase -filter {name =~"APU*"}
rst -system
after 3000
targets -set -filter {jtag_cable_name =~ "RealDigital Bla 887100000459A" && level==0 && jtag_device_ctx=="jsn1-13723093-0"}
fpga -file C:/Users/henryshaw/Desktop/ee234/project4_workspace/proj4r1/_ide/bitstream/bist.bit
targets -set -nocase -filter {name =~"APU*"}
loadhw -hw C:/Users/henryshaw/Desktop/ee234/project4_workspace/blackboard/export/blackboard/hw/blackboard.xsa -mem-ranges [list {0x40000000 0xbfffffff}] -regs
configparams force-mem-access 1
targets -set -nocase -filter {name =~"APU*"}
source C:/Users/henryshaw/Desktop/ee234/project4_workspace/proj4r1/_ide/psinit/ps7_init.tcl
ps7_init
ps7_post_config
targets -set -nocase -filter {name =~ "*A9*#0"}
dow C:/Users/henryshaw/Desktop/ee234/project4_workspace/proj4r1/Debug/proj4r1.elf
configparams force-mem-access 0
----------------End of Script----------------

21:39:54 INFO  : Context for processor 'ps7_cortexa9_0' is selected.
21:39:54 INFO  : 'con' command is executed.
21:39:54 INFO  : ----------------XSDB Script (After Launch)----------------
targets -set -nocase -filter {name =~ "*A9*#0"}
con
----------------End of Script----------------

21:39:54 INFO  : Disconnected from the channel tcfchan#3.
21:42:01 INFO  : Checking for BSP changes to sync application flags for project 'proj4r1'...
21:42:13 INFO  : Connected to target on host '127.0.0.1' and port '3121'.
21:42:14 INFO  : Jtag cable 'RealDigital Bla 887100000459A' is selected.
21:42:14 INFO  : 'jtag frequency' command is executed.
21:42:14 INFO  : Context for 'APU' is selected.
21:42:14 INFO  : System reset is completed.
21:42:17 INFO  : 'after 3000' command is executed.
21:42:17 INFO  : 'targets -set -filter {jtag_cable_name =~ "RealDigital Bla 887100000459A" && level==0 && jtag_device_ctx=="jsn1-13723093-0"}' command is executed.
21:42:18 INFO  : Device configured successfully with "C:/Users/henryshaw/Desktop/ee234/project4_workspace/proj4r1/_ide/bitstream/bist.bit"
21:42:18 INFO  : Context for 'APU' is selected.
21:42:18 INFO  : Hardware design and registers information is loaded from 'C:/Users/henryshaw/Desktop/ee234/project4_workspace/blackboard/export/blackboard/hw/blackboard.xsa'.
21:42:18 INFO  : 'configparams force-mem-access 1' command is executed.
21:42:18 INFO  : Context for 'APU' is selected.
21:42:18 INFO  : Sourcing of 'C:/Users/henryshaw/Desktop/ee234/project4_workspace/proj4r1/_ide/psinit/ps7_init.tcl' is done.
21:42:20 INFO  : 'ps7_init' command is executed.
21:42:20 INFO  : 'ps7_post_config' command is executed.
21:42:20 INFO  : Context for processor 'ps7_cortexa9_0' is selected.
21:42:21 INFO  : The application 'C:/Users/henryshaw/Desktop/ee234/project4_workspace/proj4r1/Debug/proj4r1.elf' is downloaded to processor 'ps7_cortexa9_0'.
21:42:21 INFO  : 'configparams force-mem-access 0' command is executed.
21:42:21 INFO  : ----------------XSDB Script----------------
connect -url tcp:127.0.0.1:3121
targets -set -nocase -filter {name =~"APU*"}
rst -system
after 3000
targets -set -filter {jtag_cable_name =~ "RealDigital Bla 887100000459A" && level==0 && jtag_device_ctx=="jsn1-13723093-0"}
fpga -file C:/Users/henryshaw/Desktop/ee234/project4_workspace/proj4r1/_ide/bitstream/bist.bit
targets -set -nocase -filter {name =~"APU*"}
loadhw -hw C:/Users/henryshaw/Desktop/ee234/project4_workspace/blackboard/export/blackboard/hw/blackboard.xsa -mem-ranges [list {0x40000000 0xbfffffff}] -regs
configparams force-mem-access 1
targets -set -nocase -filter {name =~"APU*"}
source C:/Users/henryshaw/Desktop/ee234/project4_workspace/proj4r1/_ide/psinit/ps7_init.tcl
ps7_init
ps7_post_config
targets -set -nocase -filter {name =~ "*A9*#0"}
dow C:/Users/henryshaw/Desktop/ee234/project4_workspace/proj4r1/Debug/proj4r1.elf
configparams force-mem-access 0
----------------End of Script----------------

21:42:21 INFO  : Context for processor 'ps7_cortexa9_0' is selected.
21:42:21 INFO  : 'con' command is executed.
21:42:21 INFO  : ----------------XSDB Script (After Launch)----------------
targets -set -nocase -filter {name =~ "*A9*#0"}
con
----------------End of Script----------------

21:42:21 INFO  : Disconnected from the channel tcfchan#4.
13:22:48 INFO  : Connected to target on host '127.0.0.1' and port '3121'.
13:23:07 INFO  : ----------------XSDB Script----------------
connect -url tcp:127.0.0.1:3121
----------------End of Script----------------

13:23:07 ERROR : Could not find ARM device on the board for connection 'Local'.
Check if the target is in:
1. Split JTAG - No operations are possible with ARM DAP.
2. Non JTAG bootmode - Bootrom may need time to enable DAP.
Please try again.


Troubleshooting hints:
1. Check whether board is connected to system properly.
2. In case of zynq board, check whether Digilent/Xilinx cable switch settings are correct.
3. If you are using Xilinx Platform Cable USB, ensure that status LED is green.
13:23:53 INFO  : Checking for BSP changes to sync application flags for project 'proj4r2'...
13:24:28 INFO  : Checking for BSP changes to sync application flags for project 'proj4r2'...
13:24:57 INFO  : Checking for BSP changes to sync application flags for project 'proj4r2'...
13:26:17 INFO  : Connected to target on host '127.0.0.1' and port '3121'.
13:26:17 INFO  : Jtag cable 'RealDigital Bla 887100000459A' is selected.
13:26:17 INFO  : 'jtag frequency' command is executed.
13:26:17 INFO  : Context for 'APU' is selected.
13:26:17 INFO  : System reset is completed.
13:26:20 INFO  : 'after 3000' command is executed.
13:26:20 INFO  : 'targets -set -filter {jtag_cable_name =~ "RealDigital Bla 887100000459A" && level==0 && jtag_device_ctx=="jsn1-13723093-0"}' command is executed.
13:26:21 INFO  : Device configured successfully with "C:/Users/henryshaw/Desktop/ee234/project4_workspace/proj4r1/_ide/bitstream/bist.bit"
13:26:21 INFO  : Context for 'APU' is selected.
13:26:21 INFO  : Hardware design and registers information is loaded from 'C:/Users/henryshaw/Desktop/ee234/project4_workspace/blackboard/export/blackboard/hw/blackboard.xsa'.
13:26:21 INFO  : 'configparams force-mem-access 1' command is executed.
13:26:21 INFO  : Context for 'APU' is selected.
13:26:21 INFO  : Sourcing of 'C:/Users/henryshaw/Desktop/ee234/project4_workspace/proj4r1/_ide/psinit/ps7_init.tcl' is done.
13:26:23 INFO  : 'ps7_init' command is executed.
13:26:23 INFO  : 'ps7_post_config' command is executed.
13:26:23 INFO  : Context for processor 'ps7_cortexa9_0' is selected.
13:26:24 INFO  : The application 'C:/Users/henryshaw/Desktop/ee234/project4_workspace/proj4r2/Debug/proj4r2.elf' is downloaded to processor 'ps7_cortexa9_0'.
13:26:24 INFO  : 'configparams force-mem-access 0' command is executed.
13:26:24 INFO  : ----------------XSDB Script----------------
connect -url tcp:127.0.0.1:3121
targets -set -nocase -filter {name =~"APU*"}
rst -system
after 3000
targets -set -filter {jtag_cable_name =~ "RealDigital Bla 887100000459A" && level==0 && jtag_device_ctx=="jsn1-13723093-0"}
fpga -file C:/Users/henryshaw/Desktop/ee234/project4_workspace/proj4r1/_ide/bitstream/bist.bit
targets -set -nocase -filter {name =~"APU*"}
loadhw -hw C:/Users/henryshaw/Desktop/ee234/project4_workspace/blackboard/export/blackboard/hw/blackboard.xsa -mem-ranges [list {0x40000000 0xbfffffff}] -regs
configparams force-mem-access 1
targets -set -nocase -filter {name =~"APU*"}
source C:/Users/henryshaw/Desktop/ee234/project4_workspace/proj4r1/_ide/psinit/ps7_init.tcl
ps7_init
ps7_post_config
targets -set -nocase -filter {name =~ "*A9*#0"}
dow C:/Users/henryshaw/Desktop/ee234/project4_workspace/proj4r2/Debug/proj4r2.elf
configparams force-mem-access 0
----------------End of Script----------------

13:26:24 INFO  : Context for processor 'ps7_cortexa9_0' is selected.
13:26:24 INFO  : 'con' command is executed.
13:26:24 INFO  : ----------------XSDB Script (After Launch)----------------
targets -set -nocase -filter {name =~ "*A9*#0"}
con
----------------End of Script----------------

13:26:24 INFO  : Disconnected from the channel tcfchan#5.
15:39:49 INFO  : Connected to target on host '127.0.0.1' and port '3121'.
15:40:00 INFO  : Jtag cable 'RealDigital Bla 887100000459A' is selected.
15:40:00 INFO  : 'jtag frequency' command is executed.
15:40:00 INFO  : Context for 'APU' is selected.
15:40:00 INFO  : System reset is completed.
15:40:03 INFO  : 'after 3000' command is executed.
15:40:04 INFO  : 'targets -set -filter {jtag_cable_name =~ "RealDigital Bla 887100000459A" && level==0 && jtag_device_ctx=="jsn1-13723093-0"}' command is executed.
15:40:04 INFO  : Device configured successfully with "C:/Users/henryshaw/Desktop/ee234/project4_workspace/proj4r1/_ide/bitstream/bist.bit"
15:40:04 INFO  : Context for 'APU' is selected.
15:40:11 INFO  : Hardware design and registers information is loaded from 'C:/Users/henryshaw/Desktop/ee234/project4_workspace/blackboard/export/blackboard/hw/blackboard.xsa'.
15:40:11 INFO  : 'configparams force-mem-access 1' command is executed.
15:40:11 INFO  : Context for 'APU' is selected.
15:40:11 INFO  : Sourcing of 'C:/Users/henryshaw/Desktop/ee234/project4_workspace/proj4r1/_ide/psinit/ps7_init.tcl' is done.
15:40:12 INFO  : 'ps7_init' command is executed.
15:40:12 INFO  : 'ps7_post_config' command is executed.
15:40:12 INFO  : Context for processor 'ps7_cortexa9_0' is selected.
15:40:13 INFO  : The application 'C:/Users/henryshaw/Desktop/ee234/project4_workspace/proj4r2/Debug/proj4r2.elf' is downloaded to processor 'ps7_cortexa9_0'.
15:40:13 INFO  : 'configparams force-mem-access 0' command is executed.
15:40:13 INFO  : ----------------XSDB Script----------------
connect -url tcp:127.0.0.1:3121
targets -set -nocase -filter {name =~"APU*"}
rst -system
after 3000
targets -set -filter {jtag_cable_name =~ "RealDigital Bla 887100000459A" && level==0 && jtag_device_ctx=="jsn1-13723093-0"}
fpga -file C:/Users/henryshaw/Desktop/ee234/project4_workspace/proj4r1/_ide/bitstream/bist.bit
targets -set -nocase -filter {name =~"APU*"}
loadhw -hw C:/Users/henryshaw/Desktop/ee234/project4_workspace/blackboard/export/blackboard/hw/blackboard.xsa -mem-ranges [list {0x40000000 0xbfffffff}] -regs
configparams force-mem-access 1
targets -set -nocase -filter {name =~"APU*"}
source C:/Users/henryshaw/Desktop/ee234/project4_workspace/proj4r1/_ide/psinit/ps7_init.tcl
ps7_init
ps7_post_config
targets -set -nocase -filter {name =~ "*A9*#0"}
dow C:/Users/henryshaw/Desktop/ee234/project4_workspace/proj4r2/Debug/proj4r2.elf
configparams force-mem-access 0
----------------End of Script----------------

15:40:13 INFO  : Context for processor 'ps7_cortexa9_0' is selected.
15:40:13 INFO  : 'con' command is executed.
15:40:13 INFO  : ----------------XSDB Script (After Launch)----------------
targets -set -nocase -filter {name =~ "*A9*#0"}
con
----------------End of Script----------------

15:40:13 INFO  : Disconnected from the channel tcfchan#6.
15:41:35 INFO  : Checking for BSP changes to sync application flags for project 'proj4r2'...
15:42:21 INFO  : Checking for BSP changes to sync application flags for project 'proj4r2'...
15:42:52 INFO  : Checking for BSP changes to sync application flags for project 'proj4r2'...
15:43:07 INFO  : Checking for BSP changes to sync application flags for project 'proj4r2'...
15:43:31 INFO  : Checking for BSP changes to sync application flags for project 'proj4r2'...
15:43:52 INFO  : Checking for BSP changes to sync application flags for project 'proj4r2'...
15:44:00 INFO  : Connected to target on host '127.0.0.1' and port '3121'.
15:44:01 INFO  : Jtag cable 'RealDigital Bla 887100000459A' is selected.
15:44:01 INFO  : 'jtag frequency' command is executed.
15:44:01 INFO  : Context for 'APU' is selected.
15:44:01 INFO  : System reset is completed.
15:44:04 INFO  : 'after 3000' command is executed.
15:44:04 INFO  : 'targets -set -filter {jtag_cable_name =~ "RealDigital Bla 887100000459A" && level==0 && jtag_device_ctx=="jsn1-13723093-0"}' command is executed.
15:44:05 INFO  : Device configured successfully with "C:/Users/henryshaw/Desktop/ee234/project4_workspace/proj4r1/_ide/bitstream/bist.bit"
15:44:05 INFO  : Context for 'APU' is selected.
15:44:05 INFO  : Hardware design and registers information is loaded from 'C:/Users/henryshaw/Desktop/ee234/project4_workspace/blackboard/export/blackboard/hw/blackboard.xsa'.
15:44:05 INFO  : 'configparams force-mem-access 1' command is executed.
15:44:05 INFO  : Context for 'APU' is selected.
15:44:05 INFO  : Sourcing of 'C:/Users/henryshaw/Desktop/ee234/project4_workspace/proj4r1/_ide/psinit/ps7_init.tcl' is done.
15:44:07 INFO  : 'ps7_init' command is executed.
15:44:07 INFO  : 'ps7_post_config' command is executed.
15:44:07 INFO  : Context for processor 'ps7_cortexa9_0' is selected.
15:44:07 INFO  : The application 'C:/Users/henryshaw/Desktop/ee234/project4_workspace/proj4r2/Debug/proj4r2.elf' is downloaded to processor 'ps7_cortexa9_0'.
15:44:08 INFO  : 'configparams force-mem-access 0' command is executed.
15:44:08 INFO  : ----------------XSDB Script----------------
connect -url tcp:127.0.0.1:3121
targets -set -nocase -filter {name =~"APU*"}
rst -system
after 3000
targets -set -filter {jtag_cable_name =~ "RealDigital Bla 887100000459A" && level==0 && jtag_device_ctx=="jsn1-13723093-0"}
fpga -file C:/Users/henryshaw/Desktop/ee234/project4_workspace/proj4r1/_ide/bitstream/bist.bit
targets -set -nocase -filter {name =~"APU*"}
loadhw -hw C:/Users/henryshaw/Desktop/ee234/project4_workspace/blackboard/export/blackboard/hw/blackboard.xsa -mem-ranges [list {0x40000000 0xbfffffff}] -regs
configparams force-mem-access 1
targets -set -nocase -filter {name =~"APU*"}
source C:/Users/henryshaw/Desktop/ee234/project4_workspace/proj4r1/_ide/psinit/ps7_init.tcl
ps7_init
ps7_post_config
targets -set -nocase -filter {name =~ "*A9*#0"}
dow C:/Users/henryshaw/Desktop/ee234/project4_workspace/proj4r2/Debug/proj4r2.elf
configparams force-mem-access 0
----------------End of Script----------------

15:44:08 INFO  : Context for processor 'ps7_cortexa9_0' is selected.
15:44:08 INFO  : 'con' command is executed.
15:44:08 INFO  : ----------------XSDB Script (After Launch)----------------
targets -set -nocase -filter {name =~ "*A9*#0"}
con
----------------End of Script----------------

15:44:08 INFO  : Disconnected from the channel tcfchan#7.
15:44:28 INFO  : Connected to target on host '127.0.0.1' and port '3121'.
15:44:29 INFO  : Jtag cable 'RealDigital Bla 887100000459A' is selected.
15:44:29 INFO  : 'jtag frequency' command is executed.
15:44:29 INFO  : Context for 'APU' is selected.
15:44:29 INFO  : System reset is completed.
15:44:32 INFO  : 'after 3000' command is executed.
15:44:32 INFO  : 'targets -set -filter {jtag_cable_name =~ "RealDigital Bla 887100000459A" && level==0 && jtag_device_ctx=="jsn1-13723093-0"}' command is executed.
15:44:33 INFO  : Device configured successfully with "C:/Users/henryshaw/Desktop/ee234/project4_workspace/proj4r1/_ide/bitstream/bist.bit"
15:44:33 INFO  : Context for 'APU' is selected.
15:44:38 INFO  : Hardware design and registers information is loaded from 'C:/Users/henryshaw/Desktop/ee234/project4_workspace/blackboard/export/blackboard/hw/blackboard.xsa'.
15:44:38 INFO  : Connected to target on host '127.0.0.1' and port '3121'.
15:44:38 INFO  : 'configparams force-mem-access 1' command is executed.
15:44:38 INFO  : Context for 'APU' is selected.
15:44:38 INFO  : Sourcing of 'C:/Users/henryshaw/Desktop/ee234/project4_workspace/proj4r1/_ide/psinit/ps7_init.tcl' is done.
15:44:40 INFO  : 'ps7_init' command is executed.
15:44:40 INFO  : 'ps7_post_config' command is executed.
15:44:40 INFO  : Context for processor 'ps7_cortexa9_0' is selected.
15:44:41 INFO  : The application 'C:/Users/henryshaw/Desktop/ee234/project4_workspace/proj4r2/Debug/proj4r2.elf' is downloaded to processor 'ps7_cortexa9_0'.
15:44:41 INFO  : 'configparams force-mem-access 0' command is executed.
15:44:41 INFO  : ----------------XSDB Script----------------
connect -url tcp:127.0.0.1:3121
targets -set -nocase -filter {name =~"APU*"}
rst -system
after 3000
targets -set -filter {jtag_cable_name =~ "RealDigital Bla 887100000459A" && level==0 && jtag_device_ctx=="jsn1-13723093-0"}
fpga -file C:/Users/henryshaw/Desktop/ee234/project4_workspace/proj4r1/_ide/bitstream/bist.bit
targets -set -nocase -filter {name =~"APU*"}
loadhw -hw C:/Users/henryshaw/Desktop/ee234/project4_workspace/blackboard/export/blackboard/hw/blackboard.xsa -mem-ranges [list {0x40000000 0xbfffffff}] -regs
configparams force-mem-access 1
targets -set -nocase -filter {name =~"APU*"}
source C:/Users/henryshaw/Desktop/ee234/project4_workspace/proj4r1/_ide/psinit/ps7_init.tcl
ps7_init
ps7_post_config
targets -set -nocase -filter {name =~ "*A9*#0"}
dow C:/Users/henryshaw/Desktop/ee234/project4_workspace/proj4r2/Debug/proj4r2.elf
configparams force-mem-access 0
----------------End of Script----------------

15:44:41 INFO  : Context for processor 'ps7_cortexa9_0' is selected.
15:44:41 INFO  : 'con' command is executed.
15:44:41 INFO  : ----------------XSDB Script (After Launch)----------------
targets -set -nocase -filter {name =~ "*A9*#0"}
con
----------------End of Script----------------

15:44:41 INFO  : Jtag cable 'RealDigital Bla 887100000459A' is selected.
15:44:41 INFO  : Disconnected from the channel tcfchan#8.
15:44:42 ERROR : Invalid target. Use "connect" command to connect to hw_server/TCF agent
15:44:42 INFO  : ----------------XSDB Script----------------
connect -url tcp:127.0.0.1:3121
----------------End of Script----------------

15:44:42 ERROR : Invalid target. Use "connect" command to connect to hw_server/TCF agent
15:45:11 INFO  : Connected to target on host '127.0.0.1' and port '3121'.
15:45:29 INFO  : ----------------XSDB Script----------------
connect -url tcp:127.0.0.1:3121
----------------End of Script----------------

15:45:29 ERROR : Could not find ARM device on the board for connection 'Local'.
Check if the target is in:
1. Split JTAG - No operations are possible with ARM DAP.
2. Non JTAG bootmode - Bootrom may need time to enable DAP.
Please try again.


Troubleshooting hints:
1. Check whether board is connected to system properly.
2. In case of zynq board, check whether Digilent/Xilinx cable switch settings are correct.
3. If you are using Xilinx Platform Cable USB, ensure that status LED is green.
15:45:40 INFO  : Connected to target on host '127.0.0.1' and port '3121'.
15:45:42 INFO  : Jtag cable 'RealDigital Bla 887100000459A' is selected.
15:45:42 INFO  : 'jtag frequency' command is executed.
15:45:43 INFO  : Context for 'APU' is selected.
15:45:43 INFO  : System reset is completed.
15:45:46 INFO  : 'after 3000' command is executed.
15:45:46 INFO  : 'targets -set -filter {jtag_cable_name =~ "RealDigital Bla 887100000459A" && level==0 && jtag_device_ctx=="jsn1-13723093-0"}' command is executed.
15:45:47 INFO  : Device configured successfully with "C:/Users/henryshaw/Desktop/ee234/project4_workspace/proj4r1/_ide/bitstream/bist.bit"
15:45:47 INFO  : Context for 'APU' is selected.
15:45:53 INFO  : Hardware design and registers information is loaded from 'C:/Users/henryshaw/Desktop/ee234/project4_workspace/blackboard/export/blackboard/hw/blackboard.xsa'.
15:45:53 INFO  : 'configparams force-mem-access 1' command is executed.
15:45:53 INFO  : Context for 'APU' is selected.
15:45:53 INFO  : Sourcing of 'C:/Users/henryshaw/Desktop/ee234/project4_workspace/proj4r1/_ide/psinit/ps7_init.tcl' is done.
15:45:55 INFO  : 'ps7_init' command is executed.
15:45:55 INFO  : 'ps7_post_config' command is executed.
15:45:55 INFO  : Context for processor 'ps7_cortexa9_0' is selected.
15:45:55 INFO  : The application 'C:/Users/henryshaw/Desktop/ee234/project4_workspace/proj4r2/Debug/proj4r2.elf' is downloaded to processor 'ps7_cortexa9_0'.
15:45:56 INFO  : 'configparams force-mem-access 0' command is executed.
15:45:56 INFO  : ----------------XSDB Script----------------
connect -url tcp:127.0.0.1:3121
targets -set -nocase -filter {name =~"APU*"}
rst -system
after 3000
targets -set -filter {jtag_cable_name =~ "RealDigital Bla 887100000459A" && level==0 && jtag_device_ctx=="jsn1-13723093-0"}
fpga -file C:/Users/henryshaw/Desktop/ee234/project4_workspace/proj4r1/_ide/bitstream/bist.bit
targets -set -nocase -filter {name =~"APU*"}
loadhw -hw C:/Users/henryshaw/Desktop/ee234/project4_workspace/blackboard/export/blackboard/hw/blackboard.xsa -mem-ranges [list {0x40000000 0xbfffffff}] -regs
configparams force-mem-access 1
targets -set -nocase -filter {name =~"APU*"}
source C:/Users/henryshaw/Desktop/ee234/project4_workspace/proj4r1/_ide/psinit/ps7_init.tcl
ps7_init
ps7_post_config
targets -set -nocase -filter {name =~ "*A9*#0"}
dow C:/Users/henryshaw/Desktop/ee234/project4_workspace/proj4r2/Debug/proj4r2.elf
configparams force-mem-access 0
----------------End of Script----------------

15:45:56 INFO  : Context for processor 'ps7_cortexa9_0' is selected.
15:45:56 INFO  : 'con' command is executed.
15:45:56 INFO  : ----------------XSDB Script (After Launch)----------------
targets -set -nocase -filter {name =~ "*A9*#0"}
con
----------------End of Script----------------

15:45:56 INFO  : Disconnected from the channel tcfchan#9.
15:49:38 INFO  : Connected to target on host '127.0.0.1' and port '3121'.
15:49:38 INFO  : Jtag cable 'RealDigital Bla 887100000459A' is selected.
15:49:38 INFO  : 'jtag frequency' command is executed.
15:49:38 INFO  : Context for 'APU' is selected.
15:49:38 INFO  : System reset is completed.
15:49:41 INFO  : 'after 3000' command is executed.
15:49:42 INFO  : 'targets -set -filter {jtag_cable_name =~ "RealDigital Bla 887100000459A" && level==0 && jtag_device_ctx=="jsn1-13723093-0"}' command is executed.
15:49:42 INFO  : Device configured successfully with "C:/Users/henryshaw/Desktop/ee234/project4_workspace/proj4r1/_ide/bitstream/bist.bit"
15:49:42 INFO  : Context for 'APU' is selected.
15:49:48 INFO  : Hardware design and registers information is loaded from 'C:/Users/henryshaw/Desktop/ee234/project4_workspace/blackboard/export/blackboard/hw/blackboard.xsa'.
15:49:48 INFO  : 'configparams force-mem-access 1' command is executed.
15:49:48 INFO  : Context for 'APU' is selected.
15:49:48 INFO  : Sourcing of 'C:/Users/henryshaw/Desktop/ee234/project4_workspace/proj4r1/_ide/psinit/ps7_init.tcl' is done.
15:49:50 INFO  : 'ps7_init' command is executed.
15:49:50 INFO  : 'ps7_post_config' command is executed.
15:49:50 INFO  : Context for processor 'ps7_cortexa9_0' is selected.
15:49:50 INFO  : The application 'C:/Users/henryshaw/Desktop/ee234/project4_workspace/proj4r2/Debug/proj4r2.elf' is downloaded to processor 'ps7_cortexa9_0'.
15:49:51 INFO  : 'configparams force-mem-access 0' command is executed.
15:49:51 INFO  : ----------------XSDB Script----------------
connect -url tcp:127.0.0.1:3121
targets -set -nocase -filter {name =~"APU*"}
rst -system
after 3000
targets -set -filter {jtag_cable_name =~ "RealDigital Bla 887100000459A" && level==0 && jtag_device_ctx=="jsn1-13723093-0"}
fpga -file C:/Users/henryshaw/Desktop/ee234/project4_workspace/proj4r1/_ide/bitstream/bist.bit
targets -set -nocase -filter {name =~"APU*"}
loadhw -hw C:/Users/henryshaw/Desktop/ee234/project4_workspace/blackboard/export/blackboard/hw/blackboard.xsa -mem-ranges [list {0x40000000 0xbfffffff}] -regs
configparams force-mem-access 1
targets -set -nocase -filter {name =~"APU*"}
source C:/Users/henryshaw/Desktop/ee234/project4_workspace/proj4r1/_ide/psinit/ps7_init.tcl
ps7_init
ps7_post_config
targets -set -nocase -filter {name =~ "*A9*#0"}
dow C:/Users/henryshaw/Desktop/ee234/project4_workspace/proj4r2/Debug/proj4r2.elf
configparams force-mem-access 0
----------------End of Script----------------

15:50:29 INFO  : Disconnected from the channel tcfchan#10.
15:50:39 INFO  : Checking for BSP changes to sync application flags for project 'proj4r2'...
15:50:50 INFO  : Connected to target on host '127.0.0.1' and port '3121'.
15:50:51 INFO  : Jtag cable 'RealDigital Bla 887100000459A' is selected.
15:50:51 INFO  : 'jtag frequency' command is executed.
15:50:51 INFO  : Context for 'APU' is selected.
15:50:51 INFO  : System reset is completed.
15:50:54 INFO  : 'after 3000' command is executed.
15:50:54 INFO  : 'targets -set -filter {jtag_cable_name =~ "RealDigital Bla 887100000459A" && level==0 && jtag_device_ctx=="jsn1-13723093-0"}' command is executed.
15:50:55 INFO  : Device configured successfully with "C:/Users/henryshaw/Desktop/ee234/project4_workspace/proj4r1/_ide/bitstream/bist.bit"
15:50:55 INFO  : Context for 'APU' is selected.
15:50:55 INFO  : Hardware design and registers information is loaded from 'C:/Users/henryshaw/Desktop/ee234/project4_workspace/blackboard/export/blackboard/hw/blackboard.xsa'.
15:50:55 INFO  : 'configparams force-mem-access 1' command is executed.
15:50:55 INFO  : Context for 'APU' is selected.
15:50:55 INFO  : Sourcing of 'C:/Users/henryshaw/Desktop/ee234/project4_workspace/proj4r1/_ide/psinit/ps7_init.tcl' is done.
15:50:57 INFO  : 'ps7_init' command is executed.
15:50:57 INFO  : 'ps7_post_config' command is executed.
15:50:57 INFO  : Context for processor 'ps7_cortexa9_0' is selected.
15:50:58 INFO  : The application 'C:/Users/henryshaw/Desktop/ee234/project4_workspace/proj4r2/Debug/proj4r2.elf' is downloaded to processor 'ps7_cortexa9_0'.
15:50:58 INFO  : 'configparams force-mem-access 0' command is executed.
15:50:58 INFO  : ----------------XSDB Script----------------
connect -url tcp:127.0.0.1:3121
targets -set -nocase -filter {name =~"APU*"}
rst -system
after 3000
targets -set -filter {jtag_cable_name =~ "RealDigital Bla 887100000459A" && level==0 && jtag_device_ctx=="jsn1-13723093-0"}
fpga -file C:/Users/henryshaw/Desktop/ee234/project4_workspace/proj4r1/_ide/bitstream/bist.bit
targets -set -nocase -filter {name =~"APU*"}
loadhw -hw C:/Users/henryshaw/Desktop/ee234/project4_workspace/blackboard/export/blackboard/hw/blackboard.xsa -mem-ranges [list {0x40000000 0xbfffffff}] -regs
configparams force-mem-access 1
targets -set -nocase -filter {name =~"APU*"}
source C:/Users/henryshaw/Desktop/ee234/project4_workspace/proj4r1/_ide/psinit/ps7_init.tcl
ps7_init
ps7_post_config
targets -set -nocase -filter {name =~ "*A9*#0"}
dow C:/Users/henryshaw/Desktop/ee234/project4_workspace/proj4r2/Debug/proj4r2.elf
configparams force-mem-access 0
----------------End of Script----------------

15:50:58 INFO  : Context for processor 'ps7_cortexa9_0' is selected.
15:50:58 INFO  : 'con' command is executed.
15:50:58 INFO  : ----------------XSDB Script (After Launch)----------------
targets -set -nocase -filter {name =~ "*A9*#0"}
con
----------------End of Script----------------

15:50:58 INFO  : Disconnected from the channel tcfchan#11.
15:51:24 INFO  : Connected to target on host '127.0.0.1' and port '3121'.
15:51:31 INFO  : Jtag cable 'RealDigital Bla 887100000459A' is selected.
15:51:31 INFO  : 'jtag frequency' command is executed.
15:51:31 INFO  : Context for 'APU' is selected.
15:51:31 INFO  : System reset is completed.
15:51:34 INFO  : 'after 3000' command is executed.
15:51:35 INFO  : 'targets -set -filter {jtag_cable_name =~ "RealDigital Bla 887100000459A" && level==0 && jtag_device_ctx=="jsn1-13723093-0"}' command is executed.
15:51:35 INFO  : Device configured successfully with "C:/Users/henryshaw/Desktop/ee234/project4_workspace/proj4r1/_ide/bitstream/bist.bit"
15:51:35 INFO  : Context for 'APU' is selected.
15:51:40 INFO  : Hardware design and registers information is loaded from 'C:/Users/henryshaw/Desktop/ee234/project4_workspace/blackboard/export/blackboard/hw/blackboard.xsa'.
15:51:40 INFO  : 'configparams force-mem-access 1' command is executed.
15:51:40 INFO  : Context for 'APU' is selected.
15:51:40 INFO  : Sourcing of 'C:/Users/henryshaw/Desktop/ee234/project4_workspace/proj4r1/_ide/psinit/ps7_init.tcl' is done.
15:51:42 INFO  : 'ps7_init' command is executed.
15:51:42 INFO  : 'ps7_post_config' command is executed.
15:51:42 INFO  : Context for processor 'ps7_cortexa9_0' is selected.
15:51:43 INFO  : The application 'C:/Users/henryshaw/Desktop/ee234/project4_workspace/proj4r2/Debug/proj4r2.elf' is downloaded to processor 'ps7_cortexa9_0'.
15:51:43 INFO  : 'configparams force-mem-access 0' command is executed.
15:51:43 INFO  : ----------------XSDB Script----------------
connect -url tcp:127.0.0.1:3121
targets -set -nocase -filter {name =~"APU*"}
rst -system
after 3000
targets -set -filter {jtag_cable_name =~ "RealDigital Bla 887100000459A" && level==0 && jtag_device_ctx=="jsn1-13723093-0"}
fpga -file C:/Users/henryshaw/Desktop/ee234/project4_workspace/proj4r1/_ide/bitstream/bist.bit
targets -set -nocase -filter {name =~"APU*"}
loadhw -hw C:/Users/henryshaw/Desktop/ee234/project4_workspace/blackboard/export/blackboard/hw/blackboard.xsa -mem-ranges [list {0x40000000 0xbfffffff}] -regs
configparams force-mem-access 1
targets -set -nocase -filter {name =~"APU*"}
source C:/Users/henryshaw/Desktop/ee234/project4_workspace/proj4r1/_ide/psinit/ps7_init.tcl
ps7_init
ps7_post_config
targets -set -nocase -filter {name =~ "*A9*#0"}
dow C:/Users/henryshaw/Desktop/ee234/project4_workspace/proj4r2/Debug/proj4r2.elf
configparams force-mem-access 0
----------------End of Script----------------

15:51:43 INFO  : Context for processor 'ps7_cortexa9_0' is selected.
15:51:43 INFO  : 'con' command is executed.
15:51:43 INFO  : ----------------XSDB Script (After Launch)----------------
targets -set -nocase -filter {name =~ "*A9*#0"}
con
----------------End of Script----------------

15:51:43 INFO  : Disconnected from the channel tcfchan#12.
15:54:02 INFO  : Connected to target on host '127.0.0.1' and port '3121'.
15:54:04 INFO  : Jtag cable 'RealDigital Bla 887100000459A' is selected.
15:54:04 INFO  : 'jtag frequency' command is executed.
15:54:04 INFO  : Context for 'APU' is selected.
15:54:04 INFO  : System reset is completed.
15:54:06 INFO  : Checking for BSP changes to sync application flags for project 'proj4r2'...
15:54:07 INFO  : 'after 3000' command is executed.
15:54:11 ERROR : 'targets -set -filter {jtag_cable_name =~ "RealDigital Bla 887100000459A" && level==0 && jtag_device_ctx=="jsn1-13723093-0"}' is cancelled.
15:54:12 ERROR : Exception occured while running Program Device.
java.lang.RuntimeException: 'targets -set -filter {jtag_cable_name =~ "RealDigital Bla 887100000459A" && level==0 && jtag_device_ctx=="jsn1-13723093-0"}' is cancelled.
15:54:12 INFO  : ----------------XSDB Script----------------
connect -url tcp:127.0.0.1:3121
targets -set -nocase -filter {name =~"APU*"}
rst -system
after 3000
----------------End of Script----------------

15:54:12 ERROR : 'targets -set -filter {jtag_cable_name =~ "RealDigital Bla 887100000459A" && level==0 && jtag_device_ctx=="jsn1-13723093-0"}' is cancelled.
15:54:17 INFO  : Checking for BSP changes to sync application flags for project 'proj4r2'...
15:54:23 INFO  : Connected to target on host '127.0.0.1' and port '3121'.
15:54:24 INFO  : Jtag cable 'RealDigital Bla 887100000459A' is selected.
15:54:24 INFO  : 'jtag frequency' command is executed.
15:54:24 INFO  : Context for 'APU' is selected.
15:54:24 INFO  : System reset is completed.
15:54:27 INFO  : 'after 3000' command is executed.
15:54:27 INFO  : 'targets -set -filter {jtag_cable_name =~ "RealDigital Bla 887100000459A" && level==0 && jtag_device_ctx=="jsn1-13723093-0"}' command is executed.
15:54:28 INFO  : Device configured successfully with "C:/Users/henryshaw/Desktop/ee234/project4_workspace/proj4r1/_ide/bitstream/bist.bit"
15:54:28 INFO  : Context for 'APU' is selected.
15:54:28 INFO  : Hardware design and registers information is loaded from 'C:/Users/henryshaw/Desktop/ee234/project4_workspace/blackboard/export/blackboard/hw/blackboard.xsa'.
15:54:28 INFO  : 'configparams force-mem-access 1' command is executed.
15:54:28 INFO  : Context for 'APU' is selected.
15:54:28 INFO  : Sourcing of 'C:/Users/henryshaw/Desktop/ee234/project4_workspace/proj4r1/_ide/psinit/ps7_init.tcl' is done.
15:54:30 INFO  : 'ps7_init' command is executed.
15:54:30 INFO  : 'ps7_post_config' command is executed.
15:54:30 INFO  : Context for processor 'ps7_cortexa9_0' is selected.
15:54:31 INFO  : The application 'C:/Users/henryshaw/Desktop/ee234/project4_workspace/proj4r2/Debug/proj4r2.elf' is downloaded to processor 'ps7_cortexa9_0'.
15:54:31 INFO  : 'configparams force-mem-access 0' command is executed.
15:54:31 INFO  : ----------------XSDB Script----------------
connect -url tcp:127.0.0.1:3121
targets -set -nocase -filter {name =~"APU*"}
rst -system
after 3000
targets -set -filter {jtag_cable_name =~ "RealDigital Bla 887100000459A" && level==0 && jtag_device_ctx=="jsn1-13723093-0"}
fpga -file C:/Users/henryshaw/Desktop/ee234/project4_workspace/proj4r1/_ide/bitstream/bist.bit
targets -set -nocase -filter {name =~"APU*"}
loadhw -hw C:/Users/henryshaw/Desktop/ee234/project4_workspace/blackboard/export/blackboard/hw/blackboard.xsa -mem-ranges [list {0x40000000 0xbfffffff}] -regs
configparams force-mem-access 1
targets -set -nocase -filter {name =~"APU*"}
source C:/Users/henryshaw/Desktop/ee234/project4_workspace/proj4r1/_ide/psinit/ps7_init.tcl
ps7_init
ps7_post_config
targets -set -nocase -filter {name =~ "*A9*#0"}
dow C:/Users/henryshaw/Desktop/ee234/project4_workspace/proj4r2/Debug/proj4r2.elf
configparams force-mem-access 0
----------------End of Script----------------

15:54:31 INFO  : Context for processor 'ps7_cortexa9_0' is selected.
15:54:31 INFO  : 'con' command is executed.
15:54:31 INFO  : ----------------XSDB Script (After Launch)----------------
targets -set -nocase -filter {name =~ "*A9*#0"}
con
----------------End of Script----------------

15:54:31 INFO  : Disconnected from the channel tcfchan#13.
15:56:09 INFO  : Connected to target on host '127.0.0.1' and port '3121'.
15:56:09 INFO  : Jtag cable 'RealDigital Bla 887100000459A' is selected.
15:56:09 INFO  : 'jtag frequency' command is executed.
15:56:09 INFO  : Context for 'APU' is selected.
15:56:10 INFO  : System reset is completed.
15:56:13 INFO  : 'after 3000' command is executed.
15:56:13 INFO  : 'targets -set -filter {jtag_cable_name =~ "RealDigital Bla 887100000459A" && level==0 && jtag_device_ctx=="jsn1-13723093-0"}' command is executed.
15:56:13 INFO  : Device configured successfully with "C:/Users/henryshaw/Desktop/ee234/project4_workspace/proj4r1/_ide/bitstream/bist.bit"
15:56:14 INFO  : Context for 'APU' is selected.
15:56:19 INFO  : Hardware design and registers information is loaded from 'C:/Users/henryshaw/Desktop/ee234/project4_workspace/blackboard/export/blackboard/hw/blackboard.xsa'.
15:56:19 INFO  : 'configparams force-mem-access 1' command is executed.
15:56:19 INFO  : Context for 'APU' is selected.
15:56:19 INFO  : Sourcing of 'C:/Users/henryshaw/Desktop/ee234/project4_workspace/proj4r1/_ide/psinit/ps7_init.tcl' is done.
15:56:21 INFO  : 'ps7_init' command is executed.
15:56:21 INFO  : 'ps7_post_config' command is executed.
15:56:21 INFO  : Context for processor 'ps7_cortexa9_0' is selected.
15:56:21 INFO  : The application 'C:/Users/henryshaw/Desktop/ee234/project4_workspace/proj4r2/Debug/proj4r2.elf' is downloaded to processor 'ps7_cortexa9_0'.
15:56:22 INFO  : 'configparams force-mem-access 0' command is executed.
15:56:22 INFO  : ----------------XSDB Script----------------
connect -url tcp:127.0.0.1:3121
targets -set -nocase -filter {name =~"APU*"}
rst -system
after 3000
targets -set -filter {jtag_cable_name =~ "RealDigital Bla 887100000459A" && level==0 && jtag_device_ctx=="jsn1-13723093-0"}
fpga -file C:/Users/henryshaw/Desktop/ee234/project4_workspace/proj4r1/_ide/bitstream/bist.bit
targets -set -nocase -filter {name =~"APU*"}
loadhw -hw C:/Users/henryshaw/Desktop/ee234/project4_workspace/blackboard/export/blackboard/hw/blackboard.xsa -mem-ranges [list {0x40000000 0xbfffffff}] -regs
configparams force-mem-access 1
targets -set -nocase -filter {name =~"APU*"}
source C:/Users/henryshaw/Desktop/ee234/project4_workspace/proj4r1/_ide/psinit/ps7_init.tcl
ps7_init
ps7_post_config
targets -set -nocase -filter {name =~ "*A9*#0"}
dow C:/Users/henryshaw/Desktop/ee234/project4_workspace/proj4r2/Debug/proj4r2.elf
configparams force-mem-access 0
----------------End of Script----------------

15:57:15 INFO  : Disconnected from the channel tcfchan#14.
15:57:21 INFO  : Connected to target on host '127.0.0.1' and port '3121'.
15:57:21 INFO  : Jtag cable 'RealDigital Bla 887100000459A' is selected.
15:57:22 INFO  : 'jtag frequency' command is executed.
15:57:22 INFO  : Context for 'APU' is selected.
15:57:22 INFO  : System reset is completed.
15:57:25 INFO  : 'after 3000' command is executed.
15:57:28 ERROR : no targets found with "jtag_cable_name =~ "RealDigital Bla 887100000459A" && level==0 && jtag_device_ctx=="jsn1-13723093-0"". available targets:
  1* APU
     2  ARM Cortex-A9 MPCore #0 (Running)
  3  xc7z007s
15:57:28 ERROR : Exception occured while running Program Device.
java.lang.RuntimeException: no targets found with "jtag_cable_name =~ "RealDigital Bla 887100000459A" && level==0 && jtag_device_ctx=="jsn1-13723093-0"". available targets:
  1* APU
     2  ARM Cortex-A9 MPCore #0 (Running)
  3  xc7z007s
15:57:28 INFO  : ----------------XSDB Script----------------
connect -url tcp:127.0.0.1:3121
targets -set -nocase -filter {name =~"APU*"}
rst -system
after 3000
----------------End of Script----------------

15:57:28 ERROR : no targets found with "jtag_cable_name =~ "RealDigital Bla 887100000459A" && level==0 && jtag_device_ctx=="jsn1-13723093-0"". available targets:
  1* APU
     2  ARM Cortex-A9 MPCore #0 (Running)
  3  xc7z007s
15:58:05 DEBUG : Logs will be stored at 'C:/Users/henryshaw/Desktop/ee234/project4_workspace/IDE.log'.
15:58:06 INFO  : Launching XSCT server: xsct.bat -n  -interactive C:\Users\henryshaw\Desktop\ee234\project4_workspace\temp_xsdb_launch_script.tcl
15:58:10 INFO  : Registering command handlers for Vitis TCF services
15:58:11 INFO  : XSCT server has started successfully.
15:58:11 INFO  : Platform repository initialization has completed.
15:58:14 INFO  : plnx-install-location is set to ''
15:58:14 INFO  : Successfully done setting XSCT server connection channel  
15:58:14 INFO  : Successfully done query RDI_DATADIR 
15:58:14 INFO  : Successfully done setting workspace for the tool. 
15:58:41 INFO  : Checking for BSP changes to sync application flags for project 'proj4r2'...
15:59:23 INFO  : Connected to target on host '127.0.0.1' and port '3121'.
15:59:42 INFO  : ----------------XSDB Script----------------
connect -url tcp:127.0.0.1:3121
----------------End of Script----------------

15:59:42 ERROR : Could not find ARM device on the board for connection 'Local'.
Check if the target is in:
1. Split JTAG - No operations are possible with ARM DAP.
2. Non JTAG bootmode - Bootrom may need time to enable DAP.
Please try again.


Troubleshooting hints:
1. Check whether board is connected to system properly.
2. In case of zynq board, check whether Digilent/Xilinx cable switch settings are correct.
3. If you are using Xilinx Platform Cable USB, ensure that status LED is green.
15:59:50 INFO  : Connected to target on host '127.0.0.1' and port '3121'.
15:59:51 INFO  : Jtag cable 'RealDigital Bla 887100000459A' is selected.
15:59:51 INFO  : 'jtag frequency' command is executed.
15:59:51 INFO  : Context for 'APU' is selected.
15:59:51 INFO  : System reset is completed.
15:59:54 INFO  : 'after 3000' command is executed.
15:59:54 INFO  : 'targets -set -filter {jtag_cable_name =~ "RealDigital Bla 887100000459A" && level==0 && jtag_device_ctx=="jsn1-13723093-0"}' command is executed.
15:59:55 INFO  : Device configured successfully with "C:/Users/henryshaw/Desktop/ee234/project4_workspace/proj4r1/_ide/bitstream/bist.bit"
15:59:55 INFO  : Context for 'APU' is selected.
15:59:56 INFO  : Hardware design and registers information is loaded from 'C:/Users/henryshaw/Desktop/ee234/project4_workspace/blackboard/export/blackboard/hw/blackboard.xsa'.
15:59:56 INFO  : 'configparams force-mem-access 1' command is executed.
15:59:56 INFO  : Context for 'APU' is selected.
15:59:56 INFO  : Sourcing of 'C:/Users/henryshaw/Desktop/ee234/project4_workspace/proj4r1/_ide/psinit/ps7_init.tcl' is done.
15:59:58 INFO  : 'ps7_init' command is executed.
15:59:58 INFO  : 'ps7_post_config' command is executed.
15:59:58 INFO  : Context for processor 'ps7_cortexa9_0' is selected.
15:59:59 INFO  : The application 'C:/Users/henryshaw/Desktop/ee234/project4_workspace/proj4r2/Debug/proj4r2.elf' is downloaded to processor 'ps7_cortexa9_0'.
15:59:59 INFO  : 'configparams force-mem-access 0' command is executed.
15:59:59 INFO  : ----------------XSDB Script----------------
connect -url tcp:127.0.0.1:3121
targets -set -nocase -filter {name =~"APU*"}
rst -system
after 3000
targets -set -filter {jtag_cable_name =~ "RealDigital Bla 887100000459A" && level==0 && jtag_device_ctx=="jsn1-13723093-0"}
fpga -file C:/Users/henryshaw/Desktop/ee234/project4_workspace/proj4r1/_ide/bitstream/bist.bit
targets -set -nocase -filter {name =~"APU*"}
loadhw -hw C:/Users/henryshaw/Desktop/ee234/project4_workspace/blackboard/export/blackboard/hw/blackboard.xsa -mem-ranges [list {0x40000000 0xbfffffff}] -regs
configparams force-mem-access 1
targets -set -nocase -filter {name =~"APU*"}
source C:/Users/henryshaw/Desktop/ee234/project4_workspace/proj4r1/_ide/psinit/ps7_init.tcl
ps7_init
ps7_post_config
targets -set -nocase -filter {name =~ "*A9*#0"}
dow C:/Users/henryshaw/Desktop/ee234/project4_workspace/proj4r2/Debug/proj4r2.elf
configparams force-mem-access 0
----------------End of Script----------------

16:01:32 INFO  : Disconnected from the channel tcfchan#1.
16:01:51 INFO  : Connected to target on host '127.0.0.1' and port '3121'.
16:01:54 INFO  : Jtag cable 'RealDigital Bla 887100000459A' is selected.
16:01:54 INFO  : 'jtag frequency' command is executed.
16:01:54 INFO  : Context for 'APU' is selected.
16:01:54 INFO  : System reset is completed.
16:01:57 INFO  : 'after 3000' command is executed.
16:01:58 INFO  : 'targets -set -filter {jtag_cable_name =~ "RealDigital Bla 887100000459A" && level==0 && jtag_device_ctx=="jsn1-13723093-0"}' command is executed.
16:01:59 INFO  : Device configured successfully with "C:/Users/henryshaw/Desktop/ee234/project4_workspace/proj4r1/_ide/bitstream/bist.bit"
16:01:59 INFO  : Context for 'APU' is selected.
16:02:04 INFO  : Hardware design and registers information is loaded from 'C:/Users/henryshaw/Desktop/ee234/project4_workspace/blackboard/export/blackboard/hw/blackboard.xsa'.
16:02:04 INFO  : 'configparams force-mem-access 1' command is executed.
16:02:04 INFO  : Context for 'APU' is selected.
16:02:04 INFO  : Sourcing of 'C:/Users/henryshaw/Desktop/ee234/project4_workspace/proj4r1/_ide/psinit/ps7_init.tcl' is done.
16:02:06 INFO  : 'ps7_init' command is executed.
16:02:06 INFO  : 'ps7_post_config' command is executed.
16:02:06 INFO  : Context for processor 'ps7_cortexa9_0' is selected.
16:02:07 INFO  : The application 'C:/Users/henryshaw/Desktop/ee234/project4_workspace/proj4r2/Debug/proj4r2.elf' is downloaded to processor 'ps7_cortexa9_0'.
16:02:07 INFO  : 'configparams force-mem-access 0' command is executed.
16:02:07 INFO  : ----------------XSDB Script----------------
connect -url tcp:127.0.0.1:3121
targets -set -nocase -filter {name =~"APU*"}
rst -system
after 3000
targets -set -filter {jtag_cable_name =~ "RealDigital Bla 887100000459A" && level==0 && jtag_device_ctx=="jsn1-13723093-0"}
fpga -file C:/Users/henryshaw/Desktop/ee234/project4_workspace/proj4r1/_ide/bitstream/bist.bit
targets -set -nocase -filter {name =~"APU*"}
loadhw -hw C:/Users/henryshaw/Desktop/ee234/project4_workspace/blackboard/export/blackboard/hw/blackboard.xsa -mem-ranges [list {0x40000000 0xbfffffff}] -regs
configparams force-mem-access 1
targets -set -nocase -filter {name =~"APU*"}
source C:/Users/henryshaw/Desktop/ee234/project4_workspace/proj4r1/_ide/psinit/ps7_init.tcl
ps7_init
ps7_post_config
targets -set -nocase -filter {name =~ "*A9*#0"}
dow C:/Users/henryshaw/Desktop/ee234/project4_workspace/proj4r2/Debug/proj4r2.elf
configparams force-mem-access 0
----------------End of Script----------------

16:02:07 INFO  : Context for processor 'ps7_cortexa9_0' is selected.
16:02:07 INFO  : 'con' command is executed.
16:02:07 INFO  : ----------------XSDB Script (After Launch)----------------
targets -set -nocase -filter {name =~ "*A9*#0"}
con
----------------End of Script----------------

16:02:07 INFO  : Disconnected from the channel tcfchan#2.
16:02:28 INFO  : Checking for BSP changes to sync application flags for project 'proj4r2'...
16:02:57 INFO  : Checking for BSP changes to sync application flags for project 'proj4r2'...
16:03:02 INFO  : Connected to target on host '127.0.0.1' and port '3121'.
16:03:20 INFO  : ----------------XSDB Script----------------
connect -url tcp:127.0.0.1:3121
----------------End of Script----------------

16:03:20 ERROR : Could not find ARM device on the board for connection 'Local'.
Check if the target is in:
1. Split JTAG - No operations are possible with ARM DAP.
2. Non JTAG bootmode - Bootrom may need time to enable DAP.
Please try again.


Troubleshooting hints:
1. Check whether board is connected to system properly.
2. In case of zynq board, check whether Digilent/Xilinx cable switch settings are correct.
3. If you are using Xilinx Platform Cable USB, ensure that status LED is green.
16:03:28 INFO  : Connected to target on host '127.0.0.1' and port '3121'.
16:03:30 INFO  : Jtag cable 'RealDigital Bla 887100000459A' is selected.
16:03:30 INFO  : 'jtag frequency' command is executed.
16:03:30 INFO  : Context for 'APU' is selected.
16:03:30 INFO  : System reset is completed.
16:03:33 INFO  : 'after 3000' command is executed.
16:03:33 INFO  : 'targets -set -filter {jtag_cable_name =~ "RealDigital Bla 887100000459A" && level==0 && jtag_device_ctx=="jsn1-13723093-0"}' command is executed.
16:03:34 INFO  : Device configured successfully with "C:/Users/henryshaw/Desktop/ee234/project4_workspace/proj4r1/_ide/bitstream/bist.bit"
16:03:34 INFO  : Context for 'APU' is selected.
16:03:35 INFO  : Hardware design and registers information is loaded from 'C:/Users/henryshaw/Desktop/ee234/project4_workspace/blackboard/export/blackboard/hw/blackboard.xsa'.
16:03:35 INFO  : 'configparams force-mem-access 1' command is executed.
16:03:35 INFO  : Context for 'APU' is selected.
16:03:35 INFO  : Sourcing of 'C:/Users/henryshaw/Desktop/ee234/project4_workspace/proj4r1/_ide/psinit/ps7_init.tcl' is done.
16:03:36 INFO  : 'ps7_init' command is executed.
16:03:37 INFO  : 'ps7_post_config' command is executed.
16:03:37 INFO  : Context for processor 'ps7_cortexa9_0' is selected.
16:03:37 INFO  : The application 'C:/Users/henryshaw/Desktop/ee234/project4_workspace/proj4r2/Debug/proj4r2.elf' is downloaded to processor 'ps7_cortexa9_0'.
16:03:38 INFO  : 'configparams force-mem-access 0' command is executed.
16:03:38 INFO  : ----------------XSDB Script----------------
connect -url tcp:127.0.0.1:3121
targets -set -nocase -filter {name =~"APU*"}
rst -system
after 3000
targets -set -filter {jtag_cable_name =~ "RealDigital Bla 887100000459A" && level==0 && jtag_device_ctx=="jsn1-13723093-0"}
fpga -file C:/Users/henryshaw/Desktop/ee234/project4_workspace/proj4r1/_ide/bitstream/bist.bit
targets -set -nocase -filter {name =~"APU*"}
loadhw -hw C:/Users/henryshaw/Desktop/ee234/project4_workspace/blackboard/export/blackboard/hw/blackboard.xsa -mem-ranges [list {0x40000000 0xbfffffff}] -regs
configparams force-mem-access 1
targets -set -nocase -filter {name =~"APU*"}
source C:/Users/henryshaw/Desktop/ee234/project4_workspace/proj4r1/_ide/psinit/ps7_init.tcl
ps7_init
ps7_post_config
targets -set -nocase -filter {name =~ "*A9*#0"}
dow C:/Users/henryshaw/Desktop/ee234/project4_workspace/proj4r2/Debug/proj4r2.elf
configparams force-mem-access 0
----------------End of Script----------------

16:03:38 INFO  : Context for processor 'ps7_cortexa9_0' is selected.
16:03:38 INFO  : 'con' command is executed.
16:03:38 INFO  : ----------------XSDB Script (After Launch)----------------
targets -set -nocase -filter {name =~ "*A9*#0"}
con
----------------End of Script----------------

16:03:38 INFO  : Disconnected from the channel tcfchan#3.
16:04:50 INFO  : Checking for BSP changes to sync application flags for project 'proj4r2'...
16:05:02 INFO  : Connected to target on host '127.0.0.1' and port '3121'.
16:05:20 INFO  : ----------------XSDB Script----------------
connect -url tcp:127.0.0.1:3121
----------------End of Script----------------

16:05:20 ERROR : Could not find ARM device on the board for connection 'Local'.
Check if the target is in:
1. Split JTAG - No operations are possible with ARM DAP.
2. Non JTAG bootmode - Bootrom may need time to enable DAP.
Please try again.


Troubleshooting hints:
1. Check whether board is connected to system properly.
2. In case of zynq board, check whether Digilent/Xilinx cable switch settings are correct.
3. If you are using Xilinx Platform Cable USB, ensure that status LED is green.
16:05:26 INFO  : Connected to target on host '127.0.0.1' and port '3121'.
16:05:27 INFO  : Jtag cable 'RealDigital Bla 887100000459A' is selected.
16:05:27 INFO  : 'jtag frequency' command is executed.
16:05:28 INFO  : Context for 'APU' is selected.
16:05:28 INFO  : System reset is completed.
16:05:31 INFO  : 'after 3000' command is executed.
16:05:31 INFO  : 'targets -set -filter {jtag_cable_name =~ "RealDigital Bla 887100000459A" && level==0 && jtag_device_ctx=="jsn1-13723093-0"}' command is executed.
16:05:32 INFO  : Device configured successfully with "C:/Users/henryshaw/Desktop/ee234/project4_workspace/proj4r1/_ide/bitstream/bist.bit"
16:05:32 INFO  : Context for 'APU' is selected.
16:05:32 INFO  : Hardware design and registers information is loaded from 'C:/Users/henryshaw/Desktop/ee234/project4_workspace/blackboard/export/blackboard/hw/blackboard.xsa'.
16:05:32 INFO  : 'configparams force-mem-access 1' command is executed.
16:05:32 INFO  : Context for 'APU' is selected.
16:05:32 INFO  : Sourcing of 'C:/Users/henryshaw/Desktop/ee234/project4_workspace/proj4r1/_ide/psinit/ps7_init.tcl' is done.
16:05:34 INFO  : 'ps7_init' command is executed.
16:05:34 INFO  : 'ps7_post_config' command is executed.
16:05:34 INFO  : Context for processor 'ps7_cortexa9_0' is selected.
16:05:35 INFO  : The application 'C:/Users/henryshaw/Desktop/ee234/project4_workspace/proj4r2/Debug/proj4r2.elf' is downloaded to processor 'ps7_cortexa9_0'.
16:05:35 INFO  : 'configparams force-mem-access 0' command is executed.
16:05:35 INFO  : ----------------XSDB Script----------------
connect -url tcp:127.0.0.1:3121
targets -set -nocase -filter {name =~"APU*"}
rst -system
after 3000
targets -set -filter {jtag_cable_name =~ "RealDigital Bla 887100000459A" && level==0 && jtag_device_ctx=="jsn1-13723093-0"}
fpga -file C:/Users/henryshaw/Desktop/ee234/project4_workspace/proj4r1/_ide/bitstream/bist.bit
targets -set -nocase -filter {name =~"APU*"}
loadhw -hw C:/Users/henryshaw/Desktop/ee234/project4_workspace/blackboard/export/blackboard/hw/blackboard.xsa -mem-ranges [list {0x40000000 0xbfffffff}] -regs
configparams force-mem-access 1
targets -set -nocase -filter {name =~"APU*"}
source C:/Users/henryshaw/Desktop/ee234/project4_workspace/proj4r1/_ide/psinit/ps7_init.tcl
ps7_init
ps7_post_config
targets -set -nocase -filter {name =~ "*A9*#0"}
dow C:/Users/henryshaw/Desktop/ee234/project4_workspace/proj4r2/Debug/proj4r2.elf
configparams force-mem-access 0
----------------End of Script----------------

16:05:35 INFO  : Context for processor 'ps7_cortexa9_0' is selected.
16:05:35 INFO  : 'con' command is executed.
16:05:35 INFO  : ----------------XSDB Script (After Launch)----------------
targets -set -nocase -filter {name =~ "*A9*#0"}
con
----------------End of Script----------------

16:05:36 INFO  : Disconnected from the channel tcfchan#4.
16:08:02 INFO  : Connected to target on host '127.0.0.1' and port '3121'.
16:08:03 INFO  : Jtag cable 'RealDigital Bla 887100000459A' is selected.
16:08:03 INFO  : 'jtag frequency' command is executed.
16:08:03 INFO  : Context for 'APU' is selected.
16:08:03 INFO  : System reset is completed.
16:08:06 INFO  : 'after 3000' command is executed.
16:08:06 INFO  : 'targets -set -filter {jtag_cable_name =~ "RealDigital Bla 887100000459A" && level==0 && jtag_device_ctx=="jsn1-13723093-0"}' command is executed.
16:08:07 INFO  : Device configured successfully with "C:/Users/henryshaw/Desktop/ee234/project4_workspace/proj4r1/_ide/bitstream/bist.bit"
16:08:07 INFO  : Context for 'APU' is selected.
16:08:12 INFO  : Hardware design and registers information is loaded from 'C:/Users/henryshaw/Desktop/ee234/project4_workspace/blackboard/export/blackboard/hw/blackboard.xsa'.
16:08:12 INFO  : 'configparams force-mem-access 1' command is executed.
16:08:12 INFO  : Context for 'APU' is selected.
16:08:12 INFO  : Sourcing of 'C:/Users/henryshaw/Desktop/ee234/project4_workspace/proj4r1/_ide/psinit/ps7_init.tcl' is done.
16:08:14 INFO  : 'ps7_init' command is executed.
16:08:14 INFO  : 'ps7_post_config' command is executed.
16:08:14 INFO  : Context for processor 'ps7_cortexa9_0' is selected.
16:08:15 INFO  : The application 'C:/Users/henryshaw/Desktop/ee234/project4_workspace/proj4r1/Debug/proj4r1.elf' is downloaded to processor 'ps7_cortexa9_0'.
16:08:15 INFO  : 'configparams force-mem-access 0' command is executed.
16:08:15 INFO  : ----------------XSDB Script----------------
connect -url tcp:127.0.0.1:3121
targets -set -nocase -filter {name =~"APU*"}
rst -system
after 3000
targets -set -filter {jtag_cable_name =~ "RealDigital Bla 887100000459A" && level==0 && jtag_device_ctx=="jsn1-13723093-0"}
fpga -file C:/Users/henryshaw/Desktop/ee234/project4_workspace/proj4r1/_ide/bitstream/bist.bit
targets -set -nocase -filter {name =~"APU*"}
loadhw -hw C:/Users/henryshaw/Desktop/ee234/project4_workspace/blackboard/export/blackboard/hw/blackboard.xsa -mem-ranges [list {0x40000000 0xbfffffff}] -regs
configparams force-mem-access 1
targets -set -nocase -filter {name =~"APU*"}
source C:/Users/henryshaw/Desktop/ee234/project4_workspace/proj4r1/_ide/psinit/ps7_init.tcl
ps7_init
ps7_post_config
targets -set -nocase -filter {name =~ "*A9*#0"}
dow C:/Users/henryshaw/Desktop/ee234/project4_workspace/proj4r1/Debug/proj4r1.elf
configparams force-mem-access 0
----------------End of Script----------------

16:08:15 INFO  : Context for processor 'ps7_cortexa9_0' is selected.
16:08:15 INFO  : 'con' command is executed.
16:08:15 INFO  : ----------------XSDB Script (After Launch)----------------
targets -set -nocase -filter {name =~ "*A9*#0"}
con
----------------End of Script----------------

16:08:15 INFO  : Disconnected from the channel tcfchan#5.
21:58:06 DEBUG : Logs will be stored at 'C:/Users/henry/Dropbox/WSU/EE234/projects/ee234/project4_workspace/IDE.log'.
21:58:16 INFO  : Launching XSCT server: xsct.bat -n  -interactive C:\Users\henry\Dropbox\WSU\EE234\projects\ee234\project4_workspace\temp_xsdb_launch_script.tcl
21:58:16 INFO  : Registering command handlers for Vitis TCF services
21:58:16 INFO  : Platform repository initialization has completed.
21:58:20 INFO  : XSCT server has started successfully.
21:58:20 INFO  : Successfully done setting XSCT server connection channel  
21:58:24 INFO  : plnx-install-location is set to ''
21:58:24 INFO  : Successfully done setting workspace for the tool. 
21:58:24 INFO  : Successfully done query RDI_DATADIR 
21:59:29 DEBUG : Logs will be stored at 'C:/Users/henry/Dropbox/WSU/EE234/projects/ee234/project4_workspace/IDE.log'.
21:59:31 INFO  : Launching XSCT server: xsct.bat -n  -interactive C:\Users\henry\Dropbox\WSU\EE234\projects\ee234\project4_workspace\temp_xsdb_launch_script.tcl
21:59:31 INFO  : Platform repository initialization has completed.
21:59:31 INFO  : Registering command handlers for Vitis TCF services
21:59:34 INFO  : XSCT server has started successfully.
21:59:35 INFO  : plnx-install-location is set to ''
21:59:35 INFO  : Successfully done setting XSCT server connection channel  
21:59:35 INFO  : Successfully done query RDI_DATADIR 
21:59:35 INFO  : Successfully done setting workspace for the tool. 
19:49:04 DEBUG : Logs will be stored at 'C:/Users/henryshaw/Desktop/ee234/project4_workspace/IDE.log'.
19:49:06 INFO  : Launching XSCT server: xsct.bat -n  -interactive C:\Users\henryshaw\Desktop\ee234\project4_workspace\temp_xsdb_launch_script.tcl
19:49:08 INFO  : Registering command handlers for Vitis TCF services
19:49:09 INFO  : Platform repository initialization has completed.
19:49:11 INFO  : XSCT server has started successfully.
19:49:11 INFO  : plnx-install-location is set to ''
19:49:13 INFO  : Successfully done setting XSCT server connection channel  
19:49:13 INFO  : Successfully done query RDI_DATADIR 
19:49:13 INFO  : Successfully done setting workspace for the tool. 
19:49:46 DEBUG : Logs will be stored at 'C:/Users/henryshaw/Desktop/ee234/project4_workspace/IDE.log'.
19:49:48 INFO  : Launching XSCT server: xsct.bat -n  -interactive C:\Users\henryshaw\Desktop\ee234\project4_workspace\temp_xsdb_launch_script.tcl
19:49:49 INFO  : Registering command handlers for Vitis TCF services
19:49:50 INFO  : Platform repository initialization has completed.
19:49:51 INFO  : XSCT server has started successfully.
19:49:51 INFO  : plnx-install-location is set to ''
19:49:52 INFO  : Successfully done setting XSCT server connection channel  
19:49:52 INFO  : Successfully done query RDI_DATADIR 
19:49:52 INFO  : Successfully done setting workspace for the tool. 
12:48:01 DEBUG : Logs will be stored at 'C:/Users/henryshaw/Desktop/ee234/project4_workspace/IDE.log'.
12:48:03 INFO  : Launching XSCT server: xsct.bat -n  -interactive C:\Users\henryshaw\Desktop\ee234\project4_workspace\temp_xsdb_launch_script.tcl
12:48:04 INFO  : Registering command handlers for Vitis TCF services
12:48:05 INFO  : Platform repository initialization has completed.
12:48:07 INFO  : XSCT server has started successfully.
12:48:09 INFO  : plnx-install-location is set to ''
12:48:09 INFO  : Successfully done setting XSCT server connection channel  
12:48:09 INFO  : Successfully done query RDI_DATADIR 
12:48:09 INFO  : Successfully done setting workspace for the tool. 
12:48:56 DEBUG : Logs will be stored at 'C:/Users/henryshaw/Desktop/ee234/project4_workspace/IDE.log'.
12:48:58 INFO  : Launching XSCT server: xsct.bat -n  -interactive C:\Users\henryshaw\Desktop\ee234\project4_workspace\temp_xsdb_launch_script.tcl
12:48:58 INFO  : Registering command handlers for Vitis TCF services
12:48:59 INFO  : Platform repository initialization has completed.
12:49:01 INFO  : XSCT server has started successfully.
12:49:01 INFO  : plnx-install-location is set to ''
12:49:01 INFO  : Successfully done setting XSCT server connection channel  
12:49:01 INFO  : Successfully done query RDI_DATADIR 
12:49:01 INFO  : Successfully done setting workspace for the tool. 
12:56:37 DEBUG : Logs will be stored at 'C:/Users/henryshaw/Desktop/ee234/project4_workspace/IDE.log'.
12:56:39 INFO  : Launching XSCT server: xsct.bat -n  -interactive C:\Users\henryshaw\Desktop\ee234\project4_workspace\temp_xsdb_launch_script.tcl
12:56:40 INFO  : Registering command handlers for Vitis TCF services
12:56:41 INFO  : Platform repository initialization has completed.
12:56:42 INFO  : XSCT server has started successfully.
12:56:43 INFO  : plnx-install-location is set to ''
12:56:43 INFO  : Successfully done setting XSCT server connection channel  
12:56:43 INFO  : Successfully done query RDI_DATADIR 
12:56:43 INFO  : Successfully done setting workspace for the tool. 
13:13:41 DEBUG : Logs will be stored at 'C:/Users/henryshaw/Desktop/ee234/project4_workspace/IDE.log'.
13:13:42 INFO  : Launching XSCT server: xsct.bat -n  -interactive C:\Users\henryshaw\Desktop\ee234\project4_workspace\temp_xsdb_launch_script.tcl
13:13:44 INFO  : Registering command handlers for Vitis TCF services
13:13:46 INFO  : Platform repository initialization has completed.
13:13:46 INFO  : XSCT server has started successfully.
13:13:46 INFO  : plnx-install-location is set to ''
13:13:46 INFO  : Successfully done setting XSCT server connection channel  
13:13:46 INFO  : Successfully done query RDI_DATADIR 
13:13:46 INFO  : Successfully done setting workspace for the tool. 
13:15:16 INFO  : Checking for BSP changes to sync application flags for project 'proj4r1'...
13:15:16 ERROR : Failed to get platform details for the project 'proj4r1'. Cannot sync application flags.
13:16:27 INFO  : Platform 'blackboard' is added to custom repositories.
13:17:44 INFO  : Result from executing command 'getProjects': blackboard
13:17:44 INFO  : Result from executing command 'getPlatforms': xilinx_zcu102_base_202320_1|C:/Xilinx/Vitis/2023.2/base_platforms/xilinx_zcu102_base_202320_1/xilinx_zcu102_base_202320_1.xpfm;xilinx_zcu102_base_dfx_202320_1|C:/Xilinx/Vitis/2023.2/base_platforms/xilinx_zcu102_base_dfx_202320_1/xilinx_zcu102_base_dfx_202320_1.xpfm;xilinx_zcu104_base_202320_1|C:/Xilinx/Vitis/2023.2/base_platforms/xilinx_zcu104_base_202320_1/xilinx_zcu104_base_202320_1.xpfm
13:17:46 INFO  : Checking for BSP changes to sync application flags for project 'proj4r1'...
